======== Starting job (2020. 11. 03. (화) 05:01:40 CET) ========
Job id: 21853674
List of nodes allocated to the job: mb-opt072
Batch node: mb-opt072
Startup working directory: /home/ucl/cp3/mchoi/bamboodev/HHbbWWAnalysis
Job working directory: /scratch/mchoi/21853674
==== Starting read of input parameters for job's payload (2020. 11. 03. (화) 05:01:40 CET) ====
taskcmd = bambooRun --module=/home/users/m/c/mchoi/bamboodev/HHbbWWAnalysis/PlotterHHtobbWWDL.py:PlotterNanoHHtobbWWDL --distributed=worker --anaConfig=/home/users/m/c/mchoi/bamboodev/HHbbWWAnalysis/analysis2016_v7.yml --plotIt plotIt --backend dataframe --NoSystematics --Tight --Boosted1Btag --DYVariable False --Channel None --Classifier None --WhadTagger None --input=/home/users/m/c/mchoi/bamboodev/HHbbWWAnalysis/bbww_2016v7_boosted/infiles/tZq_ll_in_6.txt --output=tZq_ll.root --tree=Events --sample=tZq_ll
==== Finished read of input parameters for job's payload (2020. 11. 03. (화) 05:01:40 CET) ====
==== Starting execution of payload (2020. 11. 03. (화) 05:01:40 CET) ====
------------------------- Begin payload output ------------------------
INFO:bamboo.analysismodules:No data-driven contributions selected
INFO:bamboo.analysismodules:Worker process: calling processTrees for /home/users/m/c/mchoi/bamboodev/HHbbWWAnalysis/PlotterHHtobbWWDL.py:PlotterNanoHHtobbWWDL with (['/storage/data/cms/store/mc/RunIISummer16NanoAODv7/tZq_ll_4f_PSweights_13TeV-amcatnlo-pythia8/NANOAODSIM/PUMoriond17_Nano02Apr2020_102X_mcRun2_asymptotic_v8-v1/60000/216D3353-9B07-0F45-8C3B-C4C219191947.root', '/storage/data/cms/store/mc/RunIISummer16NanoAODv7/tZq_ll_4f_PSweights_13TeV-amcatnlo-pythia8/NANOAODSIM/PUMoriond17_Nano02Apr2020_102X_mcRun2_asymptotic_v8-v1/60000/13C55588-DE38-F040-A875-7336A450F85B.root', '/storage/data/cms/store/mc/RunIISummer16NanoAODv7/tZq_ll_4f_PSweights_13TeV-amcatnlo-pythia8/NANOAODSIM/PUMoriond17_Nano02Apr2020_102X_mcRun2_asymptotic_v8-v1/60000/754CD52F-E71A-3A48-A52B-2A83BDE890AE.root', '/storage/data/cms/store/mc/RunIISummer16NanoAODv7/tZq_ll_4f_PSweights_13TeV-amcatnlo-pythia8/NANOAODSIM/PUMoriond17_Nano02Apr2020_102X_mcRun2_asymptotic_v8-v1/60000/77382768-2D1A-FC44-9F90-2CAF1DEE5EFC.root', '/storage/data/cms/store/mc/RunIISummer16NanoAODv7/tZq_ll_4f_PSweights_13TeV-amcatnlo-pythia8/NANOAODSIM/PUMoriond17_Nano02Apr2020_102X_mcRun2_asymptotic_v8-v1/130000/73E09022-16B4-6B4D-9C5B-2A590ADEF7E0.root', '/storage/data/cms/store/mc/RunIISummer16NanoAODv7/tZq_ll_4f_PSweights_13TeV-amcatnlo-pythia8/NANOAODSIM/PUMoriond17_Nano02Apr2020_102X_mcRun2_asymptotic_v8-v1/110000/12D0B098-7DFB-5B4F-B834-7A3EF8EC9D2A.root', '/storage/data/cms/store/mc/RunIISummer16NanoAODv7/tZq_ll_4f_PSweights_13TeV-amcatnlo-pythia8/NANOAODSIM/PUMoriond17_Nano02Apr2020_102X_mcRun2_asymptotic_v8-v1/130000/426A7650-FBBC-A447-BDC2-A5DDFC1105FD.root', '/storage/data/cms/store/mc/RunIISummer16NanoAODv7/tZq_ll_4f_PSweights_13TeV-amcatnlo-pythia8/NANOAODSIM/PUMoriond17_Nano02Apr2020_102X_mcRun2_asymptotic_v8-v1/130000/DD6FC9B5-1793-7042-A2F6-DD5340A5CF5D.root'], tZq_ll.root, treeName=Events, certifiedLumiFile=None, runRange=None, sample=tZq_ll)
Warning in <TClass::Init>: no dictionary for class edm::ProcessHistory is available
Warning in <TClass::Init>: no dictionary for class edm::ProcessConfiguration is available
Warning in <TClass::Init>: no dictionary for class edm::ParameterSetBlob is available
Warning in <TClass::Init>: no dictionary for class edm::Hash<1> is available
Warning in <TClass::Init>: no dictionary for class pair<edm::Hash<1>,edm::ParameterSetBlob> is available
INFO:bamboo.analysismodules:Starting to define plots
INFO:bamboo.analysismodules:132 plots defined in 91.94s, max RSS: 718.76MB
INFO:bamboo.analysismodules:Number of uses per node type: defaultdict(<class 'int'>, {'gInterpreter_Declare': 53, 'Define': 217, 'Filter': 24, 'Histo1D': 129, 'Histo2D': 6})
INFO:bamboo.analysismodules:HistoND calls per column type: defaultdict(<class 'int'>, {('ROOT::RDF::RInterface<ROOT::Detail::RDF::RJittedFilter,void>', ('int',), 'float'): 3, ('ROOT::RDF::RInterface<ROOT::Detail::RDF::RJittedFilter,void>', ('int',), 'double'): 21, ('ROOT::RDF::RInterface<ROOT::Detail::RDF::RJittedFilter,void>', ('bool',), 'double'): 12, ('ROOT::RDF::RInterface<ROOT::Detail::RDF::RJittedFilter,void>', ('Bool_t',), 'double'): 3, ('ROOT::RDF::RInterface<ROOT::Detail::RDF::RJittedFilter,void>', ('float',), 'double'): 54, ('ROOT::RDF::RInterface<ROOT::Detail::RDF::RJittedFilter,void>', ('float', 'float'), 'double'): 6, ('ROOT::RDF::RInterface<ROOT::Detail::RDF::RJittedFilter,void>', ('unsigned char',), 'double'): 6, ('ROOT::RDF::RInterface<ROOT::Detail::RDF::RJittedFilter,void>', ('unsigned long',), 'double'): 6, ('ROOT::RDF::RInterface<ROOT::Detail::RDF::RJittedFilter,void>', ('double',), 'double'): 24})
INFO:bamboo.analysismodules:Starting to fill plots
INFO:bamboo.analysismodules:Plots finished in 896.12s, max RSS: 1490.05MB (132 histograms)
Btag Ak4 CSV file /home/users/m/c/mchoi/bamboodev/HHbbWWAnalysis/data/ScaleFactors_POG/DeepJet_2016LegacySF_V1.csv
Reweighting file /home/users/m/c/mchoi/bamboodev/HHbbWWAnalysis/data/ScaleFactors_Btag/BtagReweightingRatio_jetN_tZq_ll_2016.json
... Processing Tight lepton type
...... Processing Ak8 jet selection
...... Processing Boosted jet (1 btag) selection
--------------------------- End payload output ------------------------
Payload exit code: 0
==== Finished execution of payload (2020. 11. 03. (화) 05:18:25 CET) ====
==== Starting stageout of user files (2020. 11. 03. (화) 05:18:25 CET) ====
Destination directory: /home/users/m/c/mchoi/bamboodev/HHbbWWAnalysis/bbww_2016v7_boosted/batch/output/779
List of filename patterns to match against: '*.root'.
Copying file tZq_ll.root ...
File copied.
==== Finished stageout of user files (2020. 11. 03. (화) 05:18:25 CET) ====
======== Finished job (2020. 11. 03. (화) 05:18:25 CET) ========
Batch script exit code: 0
Will stageout the logs before exiting.
