======== Starting job (2020. 11. 03. (화) 04:59:01 CET) ========
Job id: 21853628
List of nodes allocated to the job: mb-opt064
Batch node: mb-opt064
Startup working directory: /home/ucl/cp3/mchoi/bamboodev/HHbbWWAnalysis
Job working directory: /scratch/mchoi/21853628
==== Starting read of input parameters for job's payload (2020. 11. 03. (화) 04:59:02 CET) ====
taskcmd = bambooRun --module=/home/users/m/c/mchoi/bamboodev/HHbbWWAnalysis/PlotterHHtobbWWDL.py:PlotterNanoHHtobbWWDL --distributed=worker --anaConfig=/home/users/m/c/mchoi/bamboodev/HHbbWWAnalysis/analysis2016_v7.yml --plotIt plotIt --backend dataframe --NoSystematics --Tight --Boosted1Btag --DYVariable False --Channel None --Classifier None --WhadTagger None --input=/home/users/m/c/mchoi/bamboodev/HHbbWWAnalysis/bbww_2016v7_boosted/infiles/WGToLNuG_in_8.txt --output=WGToLNuG.root --tree=Events --sample=WGToLNuG
==== Finished read of input parameters for job's payload (2020. 11. 03. (화) 04:59:02 CET) ====
==== Starting execution of payload (2020. 11. 03. (화) 04:59:02 CET) ====
------------------------- Begin payload output ------------------------
INFO:bamboo.analysismodules:No data-driven contributions selected
INFO:bamboo.analysismodules:Worker process: calling processTrees for /home/users/m/c/mchoi/bamboodev/HHbbWWAnalysis/PlotterHHtobbWWDL.py:PlotterNanoHHtobbWWDL with (['/storage/data/cms/store/mc/RunIISummer16NanoAODv7/WGToLNuG_01J_5f_TuneCUETP8M1_13TeV-amcatnloFXFX-pythia8/NANOAODSIM/PUMoriond17_Nano02Apr2020_102X_mcRun2_asymptotic_v8-v1/110000/751B00B5-A957-FF44-9A3D-6394EF9BD6CF.root', '/storage/data/cms/store/mc/RunIISummer16NanoAODv7/WGToLNuG_01J_5f_TuneCUETP8M1_13TeV-amcatnloFXFX-pythia8/NANOAODSIM/PUMoriond17_Nano02Apr2020_102X_mcRun2_asymptotic_v8-v1/130000/A77D163F-573D-004E-ADE1-03F1AA4322B0.root', '/storage/data/cms/store/mc/RunIISummer16NanoAODv7/WGToLNuG_01J_5f_TuneCUETP8M1_13TeV-amcatnloFXFX-pythia8/NANOAODSIM/PUMoriond17_Nano02Apr2020_102X_mcRun2_asymptotic_v8-v1/60000/243E8ADF-20D6-FF45-B57B-2F5184AB81C0.root', '/storage/data/cms/store/mc/RunIISummer16NanoAODv7/WGToLNuG_01J_5f_TuneCUETP8M1_13TeV-amcatnloFXFX-pythia8/NANOAODSIM/PUMoriond17_Nano02Apr2020_102X_mcRun2_asymptotic_v8-v1/60000/03CF9987-AD0C-F841-99B4-BACA48A037BA.root', '/storage/data/cms/store/mc/RunIISummer16NanoAODv7/WGToLNuG_01J_5f_TuneCUETP8M1_13TeV-amcatnloFXFX-pythia8/NANOAODSIM/PUMoriond17_Nano02Apr2020_102X_mcRun2_asymptotic_v8-v1/130000/607DD2B6-0955-0240-A80C-B60EA55FBBD6.root', '/storage/data/cms/store/mc/RunIISummer16NanoAODv7/WGToLNuG_01J_5f_TuneCUETP8M1_13TeV-amcatnloFXFX-pythia8/NANOAODSIM/PUMoriond17_Nano02Apr2020_102X_mcRun2_asymptotic_v8-v1/130000/087F8245-C9A4-414C-9CB8-B9A6861A2904.root', '/storage/data/cms/store/mc/RunIISummer16NanoAODv7/WGToLNuG_01J_5f_TuneCUETP8M1_13TeV-amcatnloFXFX-pythia8/NANOAODSIM/PUMoriond17_Nano02Apr2020_102X_mcRun2_asymptotic_v8-v1/120000/41538A35-51C8-6C44-A0FC-EBD57E04B603.root'], WGToLNuG.root, treeName=Events, certifiedLumiFile=None, runRange=None, sample=WGToLNuG)
Warning in <TClass::Init>: no dictionary for class edm::ProcessHistory is available
Warning in <TClass::Init>: no dictionary for class edm::ProcessConfiguration is available
Warning in <TClass::Init>: no dictionary for class edm::ParameterSetBlob is available
Warning in <TClass::Init>: no dictionary for class edm::Hash<1> is available
Warning in <TClass::Init>: no dictionary for class pair<edm::Hash<1>,edm::ParameterSetBlob> is available
INFO:bamboo.analysismodules:Starting to define plots
INFO:bamboo.analysismodules:132 plots defined in 90.61s, max RSS: 726.05MB
INFO:bamboo.analysismodules:Number of uses per node type: defaultdict(<class 'int'>, {'gInterpreter_Declare': 59, 'Define': 213, 'Filter': 24, 'Histo1D': 129, 'Histo2D': 6})
INFO:bamboo.analysismodules:HistoND calls per column type: defaultdict(<class 'int'>, {('ROOT::RDF::RInterface<ROOT::Detail::RDF::RJittedFilter,void>', ('int',), 'float'): 3, ('ROOT::RDF::RInterface<ROOT::Detail::RDF::RJittedFilter,void>', ('int',), 'double'): 21, ('ROOT::RDF::RInterface<ROOT::Detail::RDF::RJittedFilter,void>', ('bool',), 'double'): 12, ('ROOT::RDF::RInterface<ROOT::Detail::RDF::RJittedFilter,void>', ('Bool_t',), 'double'): 3, ('ROOT::RDF::RInterface<ROOT::Detail::RDF::RJittedFilter,void>', ('float',), 'double'): 54, ('ROOT::RDF::RInterface<ROOT::Detail::RDF::RJittedFilter,void>', ('float', 'float'), 'double'): 6, ('ROOT::RDF::RInterface<ROOT::Detail::RDF::RJittedFilter,void>', ('unsigned char',), 'double'): 6, ('ROOT::RDF::RInterface<ROOT::Detail::RDF::RJittedFilter,void>', ('unsigned long',), 'double'): 6, ('ROOT::RDF::RInterface<ROOT::Detail::RDF::RJittedFilter,void>', ('double',), 'double'): 24})
INFO:bamboo.analysismodules:Starting to fill plots
INFO:bamboo.analysismodules:Plots finished in 198.90s, max RSS: 1483.50MB (132 histograms)
Btag Ak4 CSV file /home/users/m/c/mchoi/bamboodev/HHbbWWAnalysis/data/ScaleFactors_POG/DeepJet_2016LegacySF_V1.csv
Reweighting file /home/users/m/c/mchoi/bamboodev/HHbbWWAnalysis/data/ScaleFactors_Btag/BtagReweightingRatio_jetN_WGToLNuG_2016.json
Btag Ak8 CSV file /home/users/m/c/mchoi/bamboodev/HHbbWWAnalysis/data/ScaleFactors_POG/subjet_DeepCSV_2016LegacySF_V1.csv
... Processing Tight lepton type
...... Processing Ak8 jet selection
...... Processing Boosted jet (1 btag) selection
--------------------------- End payload output ------------------------
Payload exit code: 0
==== Finished execution of payload (2020. 11. 03. (화) 05:04:07 CET) ====
==== Starting stageout of user files (2020. 11. 03. (화) 05:04:07 CET) ====
Destination directory: /home/users/m/c/mchoi/bamboodev/HHbbWWAnalysis/bbww_2016v7_boosted/batch/output/750
List of filename patterns to match against: '*.root'.
Copying file WGToLNuG.root ...
File copied.
==== Finished stageout of user files (2020. 11. 03. (화) 05:04:07 CET) ====
======== Finished job (2020. 11. 03. (화) 05:04:07 CET) ========
Batch script exit code: 0
Will stageout the logs before exiting.
