======== Starting job (2020. 11. 03. (화) 04:00:53 CET) ========
Job id: 21852731
List of nodes allocated to the job: mb-ivy214
Batch node: mb-ivy214
Startup working directory: /home/ucl/cp3/mchoi/bamboodev/HHbbWWAnalysis
Job working directory: /scratch/mchoi/21852731
==== Starting read of input parameters for job's payload (2020. 11. 03. (화) 04:00:53 CET) ====
taskcmd = bambooRun --module=/home/users/m/c/mchoi/bamboodev/HHbbWWAnalysis/PlotterHHtobbWWDL.py:PlotterNanoHHtobbWWDL --distributed=worker --anaConfig=/home/users/m/c/mchoi/bamboodev/HHbbWWAnalysis/analysis2016_v7.yml --plotIt plotIt --backend dataframe --NoSystematics --Tight --Boosted1Btag --DYVariable False --Channel None --Classifier None --WhadTagger None --input=/home/users/m/c/mchoi/bamboodev/HHbbWWAnalysis/bbww_2016v7_boosted/infiles/DYJetsToLL_M-50_in_22.txt --output=DYJetsToLL_M-50.root --tree=Events --sample=DYJetsToLL_M-50
==== Finished read of input parameters for job's payload (2020. 11. 03. (화) 04:00:54 CET) ====
==== Starting execution of payload (2020. 11. 03. (화) 04:00:54 CET) ====
------------------------- Begin payload output ------------------------
INFO:bamboo.analysismodules:No data-driven contributions selected
INFO:bamboo.analysismodules:Worker process: calling processTrees for /home/users/m/c/mchoi/bamboodev/HHbbWWAnalysis/PlotterHHtobbWWDL.py:PlotterNanoHHtobbWWDL with (['/storage/data/cms/store/mc/RunIISummer16NanoAODv7/DYJetsToLL_M-50_TuneCUETP8M1_13TeV-amcatnloFXFX-pythia8/NANOAODSIM/PUMoriond17_Nano02Apr2020_102X_mcRun2_asymptotic_v8_ext2-v1/120000/B477D12B-CDC0-8341-BD6C-58A3B101E7B2.root', '/storage/data/cms/store/mc/RunIISummer16NanoAODv7/DYJetsToLL_M-50_TuneCUETP8M1_13TeV-amcatnloFXFX-pythia8/NANOAODSIM/PUMoriond17_Nano02Apr2020_102X_mcRun2_asymptotic_v8_ext2-v1/120000/D24500F4-2C95-9948-9AE9-4A36C5876723.root'], DYJetsToLL_M-50.root, treeName=Events, certifiedLumiFile=None, runRange=None, sample=DYJetsToLL_M-50)
Warning in <TClass::Init>: no dictionary for class edm::ProcessHistory is available
Warning in <TClass::Init>: no dictionary for class edm::ProcessConfiguration is available
Warning in <TClass::Init>: no dictionary for class edm::ParameterSetBlob is available
Warning in <TClass::Init>: no dictionary for class edm::Hash<1> is available
Warning in <TClass::Init>: no dictionary for class pair<edm::Hash<1>,edm::ParameterSetBlob> is available
INFO:bamboo.analysismodules:Starting to define plots
INFO:bamboo.analysismodules:132 plots defined in 85.36s, max RSS: 728.21MB
INFO:bamboo.analysismodules:Number of uses per node type: defaultdict(<class 'int'>, {'gInterpreter_Declare': 59, 'Define': 214, 'Filter': 24, 'Histo1D': 129, 'Histo2D': 6})
INFO:bamboo.analysismodules:HistoND calls per column type: defaultdict(<class 'int'>, {('ROOT::RDF::RInterface<ROOT::Detail::RDF::RJittedFilter,void>', ('int',), 'double'): 24, ('ROOT::RDF::RInterface<ROOT::Detail::RDF::RJittedFilter,void>', ('bool',), 'double'): 12, ('ROOT::RDF::RInterface<ROOT::Detail::RDF::RJittedFilter,void>', ('Bool_t',), 'double'): 3, ('ROOT::RDF::RInterface<ROOT::Detail::RDF::RJittedFilter,void>', ('float',), 'double'): 54, ('ROOT::RDF::RInterface<ROOT::Detail::RDF::RJittedFilter,void>', ('float', 'float'), 'double'): 6, ('ROOT::RDF::RInterface<ROOT::Detail::RDF::RJittedFilter,void>', ('unsigned char',), 'double'): 6, ('ROOT::RDF::RInterface<ROOT::Detail::RDF::RJittedFilter,void>', ('unsigned long',), 'double'): 6, ('ROOT::RDF::RInterface<ROOT::Detail::RDF::RJittedFilter,void>', ('double',), 'double'): 24})
INFO:bamboo.analysismodules:Starting to fill plots
INFO:bamboo.analysismodules:Plots finished in 128.87s, max RSS: 1490.66MB (132 histograms)
Btag Ak4 CSV file /home/users/m/c/mchoi/bamboodev/HHbbWWAnalysis/data/ScaleFactors_POG/DeepJet_2016LegacySF_V1.csv
Reweighting file /home/users/m/c/mchoi/bamboodev/HHbbWWAnalysis/data/ScaleFactors_Btag/BtagReweightingRatio_jetN_DYJetsToLL_M-50_2016.json
Btag Ak8 CSV file /home/users/m/c/mchoi/bamboodev/HHbbWWAnalysis/data/ScaleFactors_POG/subjet_DeepCSV_2016LegacySF_V1.csv
... Processing Tight lepton type
...... Processing Ak8 jet selection
...... Processing Boosted jet (1 btag) selection
--------------------------- End payload output ------------------------
Payload exit code: 0
==== Finished execution of payload (2020. 11. 03. (화) 04:06:05 CET) ====
==== Starting stageout of user files (2020. 11. 03. (화) 04:06:05 CET) ====
Destination directory: /home/users/m/c/mchoi/bamboodev/HHbbWWAnalysis/bbww_2016v7_boosted/batch/output/49
List of filename patterns to match against: '*.root'.
Copying file DYJetsToLL_M-50.root ...
File copied.
==== Finished stageout of user files (2020. 11. 03. (화) 04:06:06 CET) ====
======== Finished job (2020. 11. 03. (화) 04:06:06 CET) ========
Batch script exit code: 0
Will stageout the logs before exiting.
