======== Starting job (2020. 11. 03. (화) 05:01:49 CET) ========
Job id: 21853675
List of nodes allocated to the job: mb-cas204
Batch node: mb-cas204
Startup working directory: /home/ucl/cp3/mchoi/bamboodev/HHbbWWAnalysis
Job working directory: /scratch/mchoi/21853675
==== Starting read of input parameters for job's payload (2020. 11. 03. (화) 05:01:49 CET) ====
taskcmd = bambooRun --module=/home/users/m/c/mchoi/bamboodev/HHbbWWAnalysis/PlotterHHtobbWWDL.py:PlotterNanoHHtobbWWDL --distributed=worker --anaConfig=/home/users/m/c/mchoi/bamboodev/HHbbWWAnalysis/analysis2016_v7.yml --plotIt plotIt --backend dataframe --NoSystematics --Tight --Boosted1Btag --DYVariable False --Channel None --Classifier None --WhadTagger None --input=/home/users/m/c/mchoi/bamboodev/HHbbWWAnalysis/bbww_2016v7_boosted/infiles/tZq_ll_in_7.txt --output=tZq_ll.root --tree=Events --sample=tZq_ll
==== Finished read of input parameters for job's payload (2020. 11. 03. (화) 05:01:49 CET) ====
==== Starting execution of payload (2020. 11. 03. (화) 05:01:49 CET) ====
------------------------- Begin payload output ------------------------
INFO:bamboo.analysismodules:No data-driven contributions selected
INFO:bamboo.analysismodules:Worker process: calling processTrees for /home/users/m/c/mchoi/bamboodev/HHbbWWAnalysis/PlotterHHtobbWWDL.py:PlotterNanoHHtobbWWDL with (['/storage/data/cms/store/mc/RunIISummer16NanoAODv7/tZq_ll_4f_PSweights_13TeV-amcatnlo-pythia8/NANOAODSIM/PUMoriond17_Nano02Apr2020_102X_mcRun2_asymptotic_v8-v1/130000/75C00B1F-3EB2-2940-998D-82584F0D6C23.root', '/storage/data/cms/store/mc/RunIISummer16NanoAODv7/tZq_ll_4f_PSweights_13TeV-amcatnlo-pythia8/NANOAODSIM/PUMoriond17_Nano02Apr2020_102X_mcRun2_asymptotic_v8-v1/60000/2315A35C-AB13-2949-AEB9-CE0FB355007C.root', '/storage/data/cms/store/mc/RunIISummer16NanoAODv7/tZq_ll_4f_PSweights_13TeV-amcatnlo-pythia8/NANOAODSIM/PUMoriond17_Nano02Apr2020_102X_mcRun2_asymptotic_v8-v1/60000/0BB36179-3E4D-3F4E-A70F-971184171CE1.root', '/storage/data/cms/store/mc/RunIISummer16NanoAODv7/tZq_ll_4f_PSweights_13TeV-amcatnlo-pythia8/NANOAODSIM/PUMoriond17_Nano02Apr2020_102X_mcRun2_asymptotic_v8-v1/270000/5B18FF89-7824-4C47-8A2B-C2DB954E2861.root', '/storage/data/cms/store/mc/RunIISummer16NanoAODv7/tZq_ll_4f_PSweights_13TeV-amcatnlo-pythia8/NANOAODSIM/PUMoriond17_Nano02Apr2020_102X_mcRun2_asymptotic_v8-v1/70000/9C0FEA59-5BC9-A448-9270-92DD5DFF366A.root', '/storage/data/cms/store/mc/RunIISummer16NanoAODv7/tZq_ll_4f_PSweights_13TeV-amcatnlo-pythia8/NANOAODSIM/PUMoriond17_Nano02Apr2020_102X_mcRun2_asymptotic_v8-v1/130000/04F7F2FF-0060-704F-8BE8-06589AB3EBB4.root', '/storage/data/cms/store/mc/RunIISummer16NanoAODv7/tZq_ll_4f_PSweights_13TeV-amcatnlo-pythia8/NANOAODSIM/PUMoriond17_Nano02Apr2020_102X_mcRun2_asymptotic_v8-v1/260000/4AE69BC9-2CB5-D240-BF6B-77AB10BF4A5E.root', '/storage/data/cms/store/mc/RunIISummer16NanoAODv7/tZq_ll_4f_PSweights_13TeV-amcatnlo-pythia8/NANOAODSIM/PUMoriond17_Nano02Apr2020_102X_mcRun2_asymptotic_v8-v1/260000/3E6ADF32-E95F-DF4A-AA83-FD1CE4B1D81F.root'], tZq_ll.root, treeName=Events, certifiedLumiFile=None, runRange=None, sample=tZq_ll)
Warning in <TClass::Init>: no dictionary for class edm::ProcessHistory is available
Warning in <TClass::Init>: no dictionary for class edm::ProcessConfiguration is available
Warning in <TClass::Init>: no dictionary for class edm::ParameterSetBlob is available
Warning in <TClass::Init>: no dictionary for class edm::Hash<1> is available
Warning in <TClass::Init>: no dictionary for class pair<edm::Hash<1>,edm::ParameterSetBlob> is available
INFO:bamboo.analysismodules:Starting to define plots
INFO:bamboo.analysismodules:132 plots defined in 64.89s, max RSS: 629.35MB
INFO:bamboo.analysismodules:Number of uses per node type: defaultdict(<class 'int'>, {'gInterpreter_Declare': 53, 'Define': 217, 'Filter': 24, 'Histo1D': 129, 'Histo2D': 6})
INFO:bamboo.analysismodules:HistoND calls per column type: defaultdict(<class 'int'>, {('ROOT::RDF::RInterface<ROOT::Detail::RDF::RJittedFilter,void>', ('int',), 'float'): 3, ('ROOT::RDF::RInterface<ROOT::Detail::RDF::RJittedFilter,void>', ('int',), 'double'): 21, ('ROOT::RDF::RInterface<ROOT::Detail::RDF::RJittedFilter,void>', ('bool',), 'double'): 12, ('ROOT::RDF::RInterface<ROOT::Detail::RDF::RJittedFilter,void>', ('Bool_t',), 'double'): 3, ('ROOT::RDF::RInterface<ROOT::Detail::RDF::RJittedFilter,void>', ('float',), 'double'): 54, ('ROOT::RDF::RInterface<ROOT::Detail::RDF::RJittedFilter,void>', ('float', 'float'), 'double'): 6, ('ROOT::RDF::RInterface<ROOT::Detail::RDF::RJittedFilter,void>', ('unsigned char',), 'double'): 6, ('ROOT::RDF::RInterface<ROOT::Detail::RDF::RJittedFilter,void>', ('unsigned long',), 'double'): 6, ('ROOT::RDF::RInterface<ROOT::Detail::RDF::RJittedFilter,void>', ('double',), 'double'): 24})
INFO:bamboo.analysismodules:Starting to fill plots
INFO:bamboo.analysismodules:Plots finished in 168.57s, max RSS: 1372.75MB (132 histograms)
Btag Ak4 CSV file /home/users/m/c/mchoi/bamboodev/HHbbWWAnalysis/data/ScaleFactors_POG/DeepJet_2016LegacySF_V1.csv
Reweighting file /home/users/m/c/mchoi/bamboodev/HHbbWWAnalysis/data/ScaleFactors_Btag/BtagReweightingRatio_jetN_tZq_ll_2016.json
... Processing Tight lepton type
...... Processing Ak8 jet selection
...... Processing Boosted jet (1 btag) selection
--------------------------- End payload output ------------------------
Payload exit code: 0
==== Finished execution of payload (2020. 11. 03. (화) 05:06:00 CET) ====
==== Starting stageout of user files (2020. 11. 03. (화) 05:06:00 CET) ====
Destination directory: /home/users/m/c/mchoi/bamboodev/HHbbWWAnalysis/bbww_2016v7_boosted/batch/output/780
List of filename patterns to match against: '*.root'.
Copying file tZq_ll.root ...
File copied.
==== Finished stageout of user files (2020. 11. 03. (화) 05:06:00 CET) ====
======== Finished job (2020. 11. 03. (화) 05:06:00 CET) ========
Batch script exit code: 0
Will stageout the logs before exiting.
