======== Starting job (2020. 11. 03. (화) 05:01:47 CET) ========
Job id: 21853676
List of nodes allocated to the job: mb-cas210
Batch node: mb-cas210
Startup working directory: /home/ucl/cp3/mchoi/bamboodev/HHbbWWAnalysis
Job working directory: /scratch/mchoi/21853676
==== Starting read of input parameters for job's payload (2020. 11. 03. (화) 05:01:48 CET) ====
taskcmd = bambooRun --module=/home/users/m/c/mchoi/bamboodev/HHbbWWAnalysis/PlotterHHtobbWWDL.py:PlotterNanoHHtobbWWDL --distributed=worker --anaConfig=/home/users/m/c/mchoi/bamboodev/HHbbWWAnalysis/analysis2016_v7.yml --plotIt plotIt --backend dataframe --NoSystematics --Tight --Boosted1Btag --DYVariable False --Channel None --Classifier None --WhadTagger None --input=/home/users/m/c/mchoi/bamboodev/HHbbWWAnalysis/bbww_2016v7_boosted/infiles/tZq_ll_in_8.txt --output=tZq_ll.root --tree=Events --sample=tZq_ll
==== Finished read of input parameters for job's payload (2020. 11. 03. (화) 05:01:48 CET) ====
==== Starting execution of payload (2020. 11. 03. (화) 05:01:48 CET) ====
------------------------- Begin payload output ------------------------
INFO:bamboo.analysismodules:No data-driven contributions selected
INFO:bamboo.analysismodules:Worker process: calling processTrees for /home/users/m/c/mchoi/bamboodev/HHbbWWAnalysis/PlotterHHtobbWWDL.py:PlotterNanoHHtobbWWDL with (['/storage/data/cms/store/mc/RunIISummer16NanoAODv7/tZq_ll_4f_PSweights_13TeV-amcatnlo-pythia8/NANOAODSIM/PUMoriond17_Nano02Apr2020_102X_mcRun2_asymptotic_v8-v1/70000/65B8E74C-0506-3741-9A7A-CFBEECADC41F.root', '/storage/data/cms/store/mc/RunIISummer16NanoAODv7/tZq_ll_4f_PSweights_13TeV-amcatnlo-pythia8/NANOAODSIM/PUMoriond17_Nano02Apr2020_102X_mcRun2_asymptotic_v8-v1/260000/854CA017-7633-7048-9D08-CC066657A825.root', '/storage/data/cms/store/mc/RunIISummer16NanoAODv7/tZq_ll_4f_PSweights_13TeV-amcatnlo-pythia8/NANOAODSIM/PUMoriond17_Nano02Apr2020_102X_mcRun2_asymptotic_v8-v1/260000/58A852E4-52C9-9343-8E92-16F6AC4ACA64.root', '/storage/data/cms/store/mc/RunIISummer16NanoAODv7/tZq_ll_4f_PSweights_13TeV-amcatnlo-pythia8/NANOAODSIM/PUMoriond17_Nano02Apr2020_102X_mcRun2_asymptotic_v8-v1/270000/ABDBB207-2FAB-574B-A69A-295475F79F4F.root', '/storage/data/cms/store/mc/RunIISummer16NanoAODv7/tZq_ll_4f_PSweights_13TeV-amcatnlo-pythia8/NANOAODSIM/PUMoriond17_Nano02Apr2020_102X_mcRun2_asymptotic_v8-v1/120000/0A48203B-C70C-DC48-9369-D43F4932B5C7.root', '/storage/data/cms/store/mc/RunIISummer16NanoAODv7/tZq_ll_4f_PSweights_13TeV-amcatnlo-pythia8/NANOAODSIM/PUMoriond17_Nano02Apr2020_102X_mcRun2_asymptotic_v8-v1/120000/05B432BA-89E8-9F47-B76D-EB0F2882A4F9.root', '/storage/data/cms/store/mc/RunIISummer16NanoAODv7/tZq_ll_4f_PSweights_13TeV-amcatnlo-pythia8/NANOAODSIM/PUMoriond17_Nano02Apr2020_102X_mcRun2_asymptotic_v8-v1/120000/1B174BEB-E112-B044-924B-48ED4DBB6B7B.root', '/storage/data/cms/store/mc/RunIISummer16NanoAODv7/tZq_ll_4f_PSweights_13TeV-amcatnlo-pythia8/NANOAODSIM/PUMoriond17_Nano02Apr2020_102X_mcRun2_asymptotic_v8-v1/120000/AEA855EC-9A29-5942-8CD1-38CBE96BAA0B.root'], tZq_ll.root, treeName=Events, certifiedLumiFile=None, runRange=None, sample=tZq_ll)
Warning in <TClass::Init>: no dictionary for class edm::ProcessHistory is available
Warning in <TClass::Init>: no dictionary for class edm::ProcessConfiguration is available
Warning in <TClass::Init>: no dictionary for class edm::ParameterSetBlob is available
Warning in <TClass::Init>: no dictionary for class edm::Hash<1> is available
Warning in <TClass::Init>: no dictionary for class pair<edm::Hash<1>,edm::ParameterSetBlob> is available
INFO:bamboo.analysismodules:Starting to define plots
INFO:bamboo.analysismodules:132 plots defined in 63.57s, max RSS: 727.19MB
INFO:bamboo.analysismodules:Number of uses per node type: defaultdict(<class 'int'>, {'gInterpreter_Declare': 53, 'Define': 217, 'Filter': 24, 'Histo1D': 129, 'Histo2D': 6})
INFO:bamboo.analysismodules:HistoND calls per column type: defaultdict(<class 'int'>, {('ROOT::RDF::RInterface<ROOT::Detail::RDF::RJittedFilter,void>', ('int',), 'float'): 3, ('ROOT::RDF::RInterface<ROOT::Detail::RDF::RJittedFilter,void>', ('int',), 'double'): 21, ('ROOT::RDF::RInterface<ROOT::Detail::RDF::RJittedFilter,void>', ('bool',), 'double'): 12, ('ROOT::RDF::RInterface<ROOT::Detail::RDF::RJittedFilter,void>', ('Bool_t',), 'double'): 3, ('ROOT::RDF::RInterface<ROOT::Detail::RDF::RJittedFilter,void>', ('float',), 'double'): 54, ('ROOT::RDF::RInterface<ROOT::Detail::RDF::RJittedFilter,void>', ('float', 'float'), 'double'): 6, ('ROOT::RDF::RInterface<ROOT::Detail::RDF::RJittedFilter,void>', ('unsigned char',), 'double'): 6, ('ROOT::RDF::RInterface<ROOT::Detail::RDF::RJittedFilter,void>', ('unsigned long',), 'double'): 6, ('ROOT::RDF::RInterface<ROOT::Detail::RDF::RJittedFilter,void>', ('double',), 'double'): 24})
INFO:bamboo.analysismodules:Starting to fill plots
INFO:bamboo.analysismodules:Plots finished in 250.40s, max RSS: 1487.89MB (132 histograms)
Btag Ak4 CSV file /home/users/m/c/mchoi/bamboodev/HHbbWWAnalysis/data/ScaleFactors_POG/DeepJet_2016LegacySF_V1.csv
Reweighting file /home/users/m/c/mchoi/bamboodev/HHbbWWAnalysis/data/ScaleFactors_Btag/BtagReweightingRatio_jetN_tZq_ll_2016.json
... Processing Tight lepton type
...... Processing Ak8 jet selection
...... Processing Boosted jet (1 btag) selection
--------------------------- End payload output ------------------------
Payload exit code: 0
==== Finished execution of payload (2020. 11. 03. (화) 05:07:13 CET) ====
==== Starting stageout of user files (2020. 11. 03. (화) 05:07:13 CET) ====
Destination directory: /home/users/m/c/mchoi/bamboodev/HHbbWWAnalysis/bbww_2016v7_boosted/batch/output/781
List of filename patterns to match against: '*.root'.
Copying file tZq_ll.root ...
File copied.
==== Finished stageout of user files (2020. 11. 03. (화) 05:07:13 CET) ====
======== Finished job (2020. 11. 03. (화) 05:07:13 CET) ========
Batch script exit code: 0
Will stageout the logs before exiting.
