======== Starting job (2020. 11. 03. (화) 05:01:39 CET) ========
Job id: 21853671
List of nodes allocated to the job: mb-ivy219
Batch node: mb-ivy219
Startup working directory: /home/ucl/cp3/mchoi/bamboodev/HHbbWWAnalysis
Job working directory: /scratch/mchoi/21853671
==== Starting read of input parameters for job's payload (2020. 11. 03. (화) 05:01:39 CET) ====
taskcmd = bambooRun --module=/home/users/m/c/mchoi/bamboodev/HHbbWWAnalysis/PlotterHHtobbWWDL.py:PlotterNanoHHtobbWWDL --distributed=worker --anaConfig=/home/users/m/c/mchoi/bamboodev/HHbbWWAnalysis/analysis2016_v7.yml --plotIt plotIt --backend dataframe --NoSystematics --Tight --Boosted1Btag --DYVariable False --Channel None --Classifier None --WhadTagger None --input=/home/users/m/c/mchoi/bamboodev/HHbbWWAnalysis/bbww_2016v7_boosted/infiles/tZq_ll_in_3.txt --output=tZq_ll.root --tree=Events --sample=tZq_ll
==== Finished read of input parameters for job's payload (2020. 11. 03. (화) 05:01:40 CET) ====
==== Starting execution of payload (2020. 11. 03. (화) 05:01:40 CET) ====
------------------------- Begin payload output ------------------------
INFO:bamboo.analysismodules:No data-driven contributions selected
INFO:bamboo.analysismodules:Worker process: calling processTrees for /home/users/m/c/mchoi/bamboodev/HHbbWWAnalysis/PlotterHHtobbWWDL.py:PlotterNanoHHtobbWWDL with (['/storage/data/cms/store/mc/RunIISummer16NanoAODv7/tZq_ll_4f_PSweights_13TeV-amcatnlo-pythia8/NANOAODSIM/PUMoriond17_Nano02Apr2020_102X_mcRun2_asymptotic_v8-v1/270000/CF18926D-2519-BF49-8EA1-CEA426F6035F.root', '/storage/data/cms/store/mc/RunIISummer16NanoAODv7/tZq_ll_4f_PSweights_13TeV-amcatnlo-pythia8/NANOAODSIM/PUMoriond17_Nano02Apr2020_102X_mcRun2_asymptotic_v8-v1/270000/7403BC87-3585-EC4F-BC2A-ED6CE7180832.root', '/storage/data/cms/store/mc/RunIISummer16NanoAODv7/tZq_ll_4f_PSweights_13TeV-amcatnlo-pythia8/NANOAODSIM/PUMoriond17_Nano02Apr2020_102X_mcRun2_asymptotic_v8-v1/60000/B2CF7057-3681-4243-94EF-20F48D0CFDE4.root', '/storage/data/cms/store/mc/RunIISummer16NanoAODv7/tZq_ll_4f_PSweights_13TeV-amcatnlo-pythia8/NANOAODSIM/PUMoriond17_Nano02Apr2020_102X_mcRun2_asymptotic_v8-v1/110000/EAED240C-5490-4C41-B22E-59C5990639DF.root', '/storage/data/cms/store/mc/RunIISummer16NanoAODv7/tZq_ll_4f_PSweights_13TeV-amcatnlo-pythia8/NANOAODSIM/PUMoriond17_Nano02Apr2020_102X_mcRun2_asymptotic_v8-v1/110000/DC04C65E-8B13-6A4F-BB6B-25A574C3D79C.root', '/storage/data/cms/store/mc/RunIISummer16NanoAODv7/tZq_ll_4f_PSweights_13TeV-amcatnlo-pythia8/NANOAODSIM/PUMoriond17_Nano02Apr2020_102X_mcRun2_asymptotic_v8-v1/260000/1B705CE3-5E49-7642-BA2A-FC57CD112944.root', '/storage/data/cms/store/mc/RunIISummer16NanoAODv7/tZq_ll_4f_PSweights_13TeV-amcatnlo-pythia8/NANOAODSIM/PUMoriond17_Nano02Apr2020_102X_mcRun2_asymptotic_v8-v1/60000/199FECC9-0385-7648-A377-7D2E67D76739.root', '/storage/data/cms/store/mc/RunIISummer16NanoAODv7/tZq_ll_4f_PSweights_13TeV-amcatnlo-pythia8/NANOAODSIM/PUMoriond17_Nano02Apr2020_102X_mcRun2_asymptotic_v8-v1/130000/B4072A57-F9AE-7449-9FA3-3FE5CDD3A5B7.root'], tZq_ll.root, treeName=Events, certifiedLumiFile=None, runRange=None, sample=tZq_ll)
Warning in <TClass::Init>: no dictionary for class edm::ProcessHistory is available
Warning in <TClass::Init>: no dictionary for class edm::ProcessConfiguration is available
Warning in <TClass::Init>: no dictionary for class edm::ParameterSetBlob is available
Warning in <TClass::Init>: no dictionary for class edm::Hash<1> is available
Warning in <TClass::Init>: no dictionary for class pair<edm::Hash<1>,edm::ParameterSetBlob> is available
INFO:bamboo.analysismodules:Starting to define plots
INFO:bamboo.analysismodules:132 plots defined in 86.08s, max RSS: 653.75MB
INFO:bamboo.analysismodules:Number of uses per node type: defaultdict(<class 'int'>, {'gInterpreter_Declare': 53, 'Define': 217, 'Filter': 24, 'Histo1D': 129, 'Histo2D': 6})
INFO:bamboo.analysismodules:HistoND calls per column type: defaultdict(<class 'int'>, {('ROOT::RDF::RInterface<ROOT::Detail::RDF::RJittedFilter,void>', ('int',), 'float'): 3, ('ROOT::RDF::RInterface<ROOT::Detail::RDF::RJittedFilter,void>', ('int',), 'double'): 21, ('ROOT::RDF::RInterface<ROOT::Detail::RDF::RJittedFilter,void>', ('bool',), 'double'): 12, ('ROOT::RDF::RInterface<ROOT::Detail::RDF::RJittedFilter,void>', ('Bool_t',), 'double'): 3, ('ROOT::RDF::RInterface<ROOT::Detail::RDF::RJittedFilter,void>', ('float',), 'double'): 54, ('ROOT::RDF::RInterface<ROOT::Detail::RDF::RJittedFilter,void>', ('float', 'float'), 'double'): 6, ('ROOT::RDF::RInterface<ROOT::Detail::RDF::RJittedFilter,void>', ('unsigned char',), 'double'): 6, ('ROOT::RDF::RInterface<ROOT::Detail::RDF::RJittedFilter,void>', ('unsigned long',), 'double'): 6, ('ROOT::RDF::RInterface<ROOT::Detail::RDF::RJittedFilter,void>', ('double',), 'double'): 24})
INFO:bamboo.analysismodules:Starting to fill plots
INFO:bamboo.analysismodules:Plots finished in 180.48s, max RSS: 1374.12MB (132 histograms)
Btag Ak4 CSV file /home/users/m/c/mchoi/bamboodev/HHbbWWAnalysis/data/ScaleFactors_POG/DeepJet_2016LegacySF_V1.csv
Reweighting file /home/users/m/c/mchoi/bamboodev/HHbbWWAnalysis/data/ScaleFactors_Btag/BtagReweightingRatio_jetN_tZq_ll_2016.json
... Processing Tight lepton type
...... Processing Ak8 jet selection
...... Processing Boosted jet (1 btag) selection
--------------------------- End payload output ------------------------
Payload exit code: 0
==== Finished execution of payload (2020. 11. 03. (화) 05:06:24 CET) ====
==== Starting stageout of user files (2020. 11. 03. (화) 05:06:24 CET) ====
Destination directory: /home/users/m/c/mchoi/bamboodev/HHbbWWAnalysis/bbww_2016v7_boosted/batch/output/776
List of filename patterns to match against: '*.root'.
Copying file tZq_ll.root ...
File copied.
==== Finished stageout of user files (2020. 11. 03. (화) 05:06:24 CET) ====
======== Finished job (2020. 11. 03. (화) 05:06:24 CET) ========
Batch script exit code: 0
Will stageout the logs before exiting.
