======== Starting job (2020. 11. 03. (화) 04:38:41 CET) ========
Job id: 21853237
List of nodes allocated to the job: mb-ivy227
Batch node: mb-ivy227
Startup working directory: /home/ucl/cp3/mchoi/bamboodev/HHbbWWAnalysis
Job working directory: /scratch/mchoi/21853237
==== Starting read of input parameters for job's payload (2020. 11. 03. (화) 04:38:41 CET) ====
taskcmd = bambooRun --module=/home/users/m/c/mchoi/bamboodev/HHbbWWAnalysis/PlotterHHtobbWWDL.py:PlotterNanoHHtobbWWDL --distributed=worker --anaConfig=/home/users/m/c/mchoi/bamboodev/HHbbWWAnalysis/analysis2016_v7.yml --plotIt plotIt --backend dataframe --NoSystematics --Tight --Boosted1Btag --DYVariable False --Channel None --Classifier None --WhadTagger None --input=/home/users/m/c/mchoi/bamboodev/HHbbWWAnalysis/bbww_2016v7_boosted/infiles/ST_tchannel_antitop_4f_in_29.txt --output=ST_tchannel_antitop_4f.root --tree=Events --sample=ST_tchannel_antitop_4f
==== Finished read of input parameters for job's payload (2020. 11. 03. (화) 04:38:41 CET) ====
==== Starting execution of payload (2020. 11. 03. (화) 04:38:41 CET) ====
------------------------- Begin payload output ------------------------
INFO:bamboo.analysismodules:No data-driven contributions selected
INFO:bamboo.analysismodules:Worker process: calling processTrees for /home/users/m/c/mchoi/bamboodev/HHbbWWAnalysis/PlotterHHtobbWWDL.py:PlotterNanoHHtobbWWDL with (['/storage/data/cms/store/mc/RunIISummer16NanoAODv7/ST_t-channel_antitop_4f_inclusiveDecays_13TeV_PSweights-powhegV2-madspin/NANOAODSIM/PUMoriond17_Nano02Apr2020_102X_mcRun2_asymptotic_v8-v1/130000/F51A52E6-AF73-3C4D-8117-B323346B47DB.root', '/storage/data/cms/store/mc/RunIISummer16NanoAODv7/ST_t-channel_antitop_4f_inclusiveDecays_13TeV_PSweights-powhegV2-madspin/NANOAODSIM/PUMoriond17_Nano02Apr2020_102X_mcRun2_asymptotic_v8-v1/110000/73A9EED4-DB63-CB42-A4C1-DF75FAEF5510.root', '/storage/data/cms/store/mc/RunIISummer16NanoAODv7/ST_t-channel_antitop_4f_inclusiveDecays_13TeV_PSweights-powhegV2-madspin/NANOAODSIM/PUMoriond17_Nano02Apr2020_102X_mcRun2_asymptotic_v8-v1/270000/4345AD00-BCEE-6E42-BF89-D0FE7C5FEB90.root', '/storage/data/cms/store/mc/RunIISummer16NanoAODv7/ST_t-channel_antitop_4f_inclusiveDecays_13TeV_PSweights-powhegV2-madspin/NANOAODSIM/PUMoriond17_Nano02Apr2020_102X_mcRun2_asymptotic_v8-v1/270000/41ADE2FC-A442-D446-AEE3-909F008BFCBA.root'], ST_tchannel_antitop_4f.root, treeName=Events, certifiedLumiFile=None, runRange=None, sample=ST_tchannel_antitop_4f)
Warning in <TClass::Init>: no dictionary for class edm::ProcessHistory is available
Warning in <TClass::Init>: no dictionary for class edm::ProcessConfiguration is available
Warning in <TClass::Init>: no dictionary for class edm::ParameterSetBlob is available
Warning in <TClass::Init>: no dictionary for class edm::Hash<1> is available
Warning in <TClass::Init>: no dictionary for class pair<edm::Hash<1>,edm::ParameterSetBlob> is available
INFO:bamboo.analysismodules:Starting to define plots
INFO:bamboo.analysismodules:132 plots defined in 118.91s, max RSS: 727.42MB
INFO:bamboo.analysismodules:Number of uses per node type: defaultdict(<class 'int'>, {'gInterpreter_Declare': 53, 'Define': 217, 'Filter': 24, 'Histo1D': 129, 'Histo2D': 6})
INFO:bamboo.analysismodules:HistoND calls per column type: defaultdict(<class 'int'>, {('ROOT::RDF::RInterface<ROOT::Detail::RDF::RJittedFilter,void>', ('int',), 'float'): 3, ('ROOT::RDF::RInterface<ROOT::Detail::RDF::RJittedFilter,void>', ('int',), 'double'): 21, ('ROOT::RDF::RInterface<ROOT::Detail::RDF::RJittedFilter,void>', ('bool',), 'double'): 12, ('ROOT::RDF::RInterface<ROOT::Detail::RDF::RJittedFilter,void>', ('Bool_t',), 'double'): 3, ('ROOT::RDF::RInterface<ROOT::Detail::RDF::RJittedFilter,void>', ('float',), 'double'): 54, ('ROOT::RDF::RInterface<ROOT::Detail::RDF::RJittedFilter,void>', ('float', 'float'), 'double'): 6, ('ROOT::RDF::RInterface<ROOT::Detail::RDF::RJittedFilter,void>', ('unsigned char',), 'double'): 6, ('ROOT::RDF::RInterface<ROOT::Detail::RDF::RJittedFilter,void>', ('unsigned long',), 'double'): 6, ('ROOT::RDF::RInterface<ROOT::Detail::RDF::RJittedFilter,void>', ('double',), 'double'): 24})
INFO:bamboo.analysismodules:Starting to fill plots
INFO:bamboo.analysismodules:Plots finished in 230.48s, max RSS: 1490.66MB (132 histograms)
Btag Ak4 CSV file /home/users/m/c/mchoi/bamboodev/HHbbWWAnalysis/data/ScaleFactors_POG/DeepJet_2016LegacySF_V1.csv
Reweighting file /home/users/m/c/mchoi/bamboodev/HHbbWWAnalysis/data/ScaleFactors_Btag/BtagReweightingRatio_jetN_ST_tchannel_antitop_4f_2016.json
... Processing Tight lepton type
...... Processing Ak8 jet selection
...... Processing Boosted jet (1 btag) selection
--------------------------- End payload output ------------------------
Payload exit code: 0
==== Finished execution of payload (2020. 11. 03. (화) 04:44:50 CET) ====
==== Starting stageout of user files (2020. 11. 03. (화) 04:44:50 CET) ====
Destination directory: /home/users/m/c/mchoi/bamboodev/HHbbWWAnalysis/bbww_2016v7_boosted/batch/output/428
List of filename patterns to match against: '*.root'.
Copying file ST_tchannel_antitop_4f.root ...
File copied.
==== Finished stageout of user files (2020. 11. 03. (화) 04:44:50 CET) ====
======== Finished job (2020. 11. 03. (화) 04:44:50 CET) ========
Batch script exit code: 0
Will stageout the logs before exiting.
