======== Starting job (2020. 11. 03. (화) 04:37:30 CET) ========
Job id: 21853219
List of nodes allocated to the job: mb-cas210
Batch node: mb-cas210
Startup working directory: /home/ucl/cp3/mchoi/bamboodev/HHbbWWAnalysis
Job working directory: /scratch/mchoi/21853219
==== Starting read of input parameters for job's payload (2020. 11. 03. (화) 04:37:30 CET) ====
taskcmd = bambooRun --module=/home/users/m/c/mchoi/bamboodev/HHbbWWAnalysis/PlotterHHtobbWWDL.py:PlotterNanoHHtobbWWDL --distributed=worker --anaConfig=/home/users/m/c/mchoi/bamboodev/HHbbWWAnalysis/analysis2016_v7.yml --plotIt plotIt --backend dataframe --NoSystematics --Tight --Boosted1Btag --DYVariable False --Channel None --Classifier None --WhadTagger None --input=/home/users/m/c/mchoi/bamboodev/HHbbWWAnalysis/bbww_2016v7_boosted/infiles/ST_tchannel_antitop_4f_in_11.txt --output=ST_tchannel_antitop_4f.root --tree=Events --sample=ST_tchannel_antitop_4f
==== Finished read of input parameters for job's payload (2020. 11. 03. (화) 04:37:30 CET) ====
==== Starting execution of payload (2020. 11. 03. (화) 04:37:30 CET) ====
------------------------- Begin payload output ------------------------
INFO:bamboo.analysismodules:No data-driven contributions selected
INFO:bamboo.analysismodules:Worker process: calling processTrees for /home/users/m/c/mchoi/bamboodev/HHbbWWAnalysis/PlotterHHtobbWWDL.py:PlotterNanoHHtobbWWDL with (['/storage/data/cms/store/mc/RunIISummer16NanoAODv7/ST_t-channel_antitop_4f_inclusiveDecays_13TeV_PSweights-powhegV2-madspin/NANOAODSIM/PUMoriond17_Nano02Apr2020_102X_mcRun2_asymptotic_v8-v1/100000/E34B256B-487B-DC4F-8194-610C0EBD065A.root', '/storage/data/cms/store/mc/RunIISummer16NanoAODv7/ST_t-channel_antitop_4f_inclusiveDecays_13TeV_PSweights-powhegV2-madspin/NANOAODSIM/PUMoriond17_Nano02Apr2020_102X_mcRun2_asymptotic_v8-v1/270000/1CCB0130-B1E1-9E45-8B8F-175C40D6C9D3.root', '/storage/data/cms/store/mc/RunIISummer16NanoAODv7/ST_t-channel_antitop_4f_inclusiveDecays_13TeV_PSweights-powhegV2-madspin/NANOAODSIM/PUMoriond17_Nano02Apr2020_102X_mcRun2_asymptotic_v8-v1/60000/E5B3557D-FA35-074D-9B88-C66297EE0AB4.root', '/storage/data/cms/store/mc/RunIISummer16NanoAODv7/ST_t-channel_antitop_4f_inclusiveDecays_13TeV_PSweights-powhegV2-madspin/NANOAODSIM/PUMoriond17_Nano02Apr2020_102X_mcRun2_asymptotic_v8-v1/60000/AAA06922-5040-0A40-AD44-F9C9F432CEDB.root'], ST_tchannel_antitop_4f.root, treeName=Events, certifiedLumiFile=None, runRange=None, sample=ST_tchannel_antitop_4f)
Warning in <TClass::Init>: no dictionary for class edm::ProcessHistory is available
Warning in <TClass::Init>: no dictionary for class edm::ProcessConfiguration is available
Warning in <TClass::Init>: no dictionary for class edm::ParameterSetBlob is available
Warning in <TClass::Init>: no dictionary for class edm::Hash<1> is available
Warning in <TClass::Init>: no dictionary for class pair<edm::Hash<1>,edm::ParameterSetBlob> is available
INFO:bamboo.analysismodules:Starting to define plots
INFO:bamboo.analysismodules:132 plots defined in 49.56s, max RSS: 627.49MB
INFO:bamboo.analysismodules:Number of uses per node type: defaultdict(<class 'int'>, {'gInterpreter_Declare': 53, 'Define': 217, 'Filter': 24, 'Histo1D': 129, 'Histo2D': 6})
INFO:bamboo.analysismodules:HistoND calls per column type: defaultdict(<class 'int'>, {('ROOT::RDF::RInterface<ROOT::Detail::RDF::RJittedFilter,void>', ('int',), 'float'): 3, ('ROOT::RDF::RInterface<ROOT::Detail::RDF::RJittedFilter,void>', ('int',), 'double'): 21, ('ROOT::RDF::RInterface<ROOT::Detail::RDF::RJittedFilter,void>', ('bool',), 'double'): 12, ('ROOT::RDF::RInterface<ROOT::Detail::RDF::RJittedFilter,void>', ('Bool_t',), 'double'): 3, ('ROOT::RDF::RInterface<ROOT::Detail::RDF::RJittedFilter,void>', ('float',), 'double'): 54, ('ROOT::RDF::RInterface<ROOT::Detail::RDF::RJittedFilter,void>', ('float', 'float'), 'double'): 6, ('ROOT::RDF::RInterface<ROOT::Detail::RDF::RJittedFilter,void>', ('unsigned char',), 'double'): 6, ('ROOT::RDF::RInterface<ROOT::Detail::RDF::RJittedFilter,void>', ('unsigned long',), 'double'): 6, ('ROOT::RDF::RInterface<ROOT::Detail::RDF::RJittedFilter,void>', ('double',), 'double'): 24})
INFO:bamboo.analysismodules:Starting to fill plots
INFO:bamboo.analysismodules:Plots finished in 249.16s, max RSS: 1355.70MB (132 histograms)
Btag Ak4 CSV file /home/users/m/c/mchoi/bamboodev/HHbbWWAnalysis/data/ScaleFactors_POG/DeepJet_2016LegacySF_V1.csv
Reweighting file /home/users/m/c/mchoi/bamboodev/HHbbWWAnalysis/data/ScaleFactors_Btag/BtagReweightingRatio_jetN_ST_tchannel_antitop_4f_2016.json
... Processing Tight lepton type
...... Processing Ak8 jet selection
...... Processing Boosted jet (1 btag) selection
--------------------------- End payload output ------------------------
Payload exit code: 0
==== Finished execution of payload (2020. 11. 03. (화) 04:42:38 CET) ====
==== Starting stageout of user files (2020. 11. 03. (화) 04:42:38 CET) ====
Destination directory: /home/users/m/c/mchoi/bamboodev/HHbbWWAnalysis/bbww_2016v7_boosted/batch/output/410
List of filename patterns to match against: '*.root'.
Copying file ST_tchannel_antitop_4f.root ...
File copied.
==== Finished stageout of user files (2020. 11. 03. (화) 04:42:38 CET) ====
======== Finished job (2020. 11. 03. (화) 04:42:38 CET) ========
Batch script exit code: 0
Will stageout the logs before exiting.
