======== Starting job (2020. 11. 03. (화) 05:28:24 CET) ========
Job id: 21854100
List of nodes allocated to the job: mb-sky016
Batch node: mb-sky016
Startup working directory: /home/ucl/cp3/mchoi/bamboodev/HHbbWWAnalysis
Job working directory: /scratch/mchoi/21854100
==== Starting read of input parameters for job's payload (2020. 11. 03. (화) 05:28:24 CET) ====
taskcmd = bambooRun --module=/home/users/m/c/mchoi/bamboodev/HHbbWWAnalysis/PlotterHHtobbWWDL.py:PlotterNanoHHtobbWWDL --distributed=worker --anaConfig=/home/users/m/c/mchoi/bamboodev/HHbbWWAnalysis/analysis2016_v7.yml --plotIt plotIt --backend dataframe --NoSystematics --Tight --Boosted1Btag --DYVariable False --Channel None --Classifier None --WhadTagger None --input=/home/users/m/c/mchoi/bamboodev/HHbbWWAnalysis/bbww_2016v7_boosted/infiles/SingleElectron_2016D_in_17.txt --output=SingleElectron_2016D.root --tree=Events --certifiedLumiFile=/home/users/m/c/mchoi/bamboodev/HHbbWWAnalysis/bbww_2016v7_boosted/Cert_271036-284044_13TeV_23Sep2016ReReco_Collisions16_JSON.txt --runRange=276315,276811 --sample=SingleElectron_2016D
==== Finished read of input parameters for job's payload (2020. 11. 03. (화) 05:28:24 CET) ====
==== Starting execution of payload (2020. 11. 03. (화) 05:28:24 CET) ====
------------------------- Begin payload output ------------------------
INFO:bamboo.analysismodules:No data-driven contributions selected
INFO:bamboo.analysismodules:Worker process: calling processTrees for /home/users/m/c/mchoi/bamboodev/HHbbWWAnalysis/PlotterHHtobbWWDL.py:PlotterNanoHHtobbWWDL with (['/storage/data/cms/store/data/Run2016D/SingleElectron/NANOAOD/Nano25Oct2019-v1/230000/A5892863-6154-9549-8B83-14D46C8CA085.root', '/storage/data/cms/store/data/Run2016D/SingleElectron/NANOAOD/Nano25Oct2019-v1/230000/7D61FC7C-B85F-DF4A-94A2-C409A55169A1.root'], SingleElectron_2016D.root, treeName=Events, certifiedLumiFile=/home/users/m/c/mchoi/bamboodev/HHbbWWAnalysis/bbww_2016v7_boosted/Cert_271036-284044_13TeV_23Sep2016ReReco_Collisions16_JSON.txt, runRange=(276315, 276811), sample=SingleElectron_2016D)
Warning in <TClass::Init>: no dictionary for class edm::Hash<1> is available
Warning in <TClass::Init>: no dictionary for class edm::ParameterSetBlob is available
Warning in <TClass::Init>: no dictionary for class edm::ProcessHistory is available
Warning in <TClass::Init>: no dictionary for class edm::ProcessConfiguration is available
Warning in <TClass::Init>: no dictionary for class pair<edm::Hash<1>,edm::ParameterSetBlob> is available
INFO:bamboo.analysismodules:Starting to define plots
INFO:bamboo.analysismodules:132 plots defined in 8.39s, max RSS: 518.39MB
INFO:bamboo.analysismodules:Number of uses per node type: defaultdict(<class 'int'>, {'gInterpreter_Declare': 33, 'Filter': 25, 'Define': 170, 'Histo1D': 129, 'Histo2D': 6})
INFO:bamboo.analysismodules:HistoND calls per column type: defaultdict(<class 'int'>, {('ROOT::RDF::RInterface<ROOT::Detail::RDF::RJittedFilter,void>', ('int',)): 30, ('ROOT::RDF::RInterface<ROOT::Detail::RDF::RJittedFilter,void>', ('bool',)): 12, ('ROOT::RDF::RInterface<ROOT::Detail::RDF::RJittedFilter,void>', ('Bool_t',)): 3, ('ROOT::RDF::RInterface<ROOT::Detail::RDF::RJittedFilter,void>', ('float',)): 54, ('ROOT::RDF::RInterface<ROOT::Detail::RDF::RJittedFilter,void>', ('float', 'float')): 6, ('ROOT::RDF::RInterface<ROOT::Detail::RDF::RJittedFilter,void>', ('unsigned long',)): 6, ('ROOT::RDF::RInterface<ROOT::Detail::RDF::RJittedFilter,void>', ('double',)): 24})
INFO:bamboo.analysismodules:Starting to fill plots
INFO:bamboo.analysismodules:Plots finished in 329.54s, max RSS: 1164.66MB (132 histograms)
Could not find branch tree.HLT.Mu8_TrkIsoVVL_Ele23_CaloIdL_TrackIdL_IsoVL_DZ, will omit it
Could not find branch tree.HLT.Mu23_TrkIsoVVL_Ele8_CaloIdL_TrackIdL_IsoVL_DZ, will omit it
... Processing Tight lepton type
...... Processing Ak8 jet selection
...... Processing Boosted jet (1 btag) selection
--------------------------- End payload output ------------------------
Payload exit code: 0
==== Finished execution of payload (2020. 11. 03. (화) 05:34:10 CET) ====
==== Starting stageout of user files (2020. 11. 03. (화) 05:34:10 CET) ====
Destination directory: /home/users/m/c/mchoi/bamboodev/HHbbWWAnalysis/bbww_2016v7_boosted/batch/output/1145
List of filename patterns to match against: '*.root'.
Copying file SingleElectron_2016D.root ...
File copied.
==== Finished stageout of user files (2020. 11. 03. (화) 05:34:10 CET) ====
======== Finished job (2020. 11. 03. (화) 05:34:10 CET) ========
Batch script exit code: 0
Will stageout the logs before exiting.
