======== Starting job (2020. 11. 03. (화) 05:06:58 CET) ========
Job id: 21853758
List of nodes allocated to the job: mb-ivy224
Batch node: mb-ivy224
Startup working directory: /home/ucl/cp3/mchoi/bamboodev/HHbbWWAnalysis
Job working directory: /scratch/mchoi/21853758
==== Starting read of input parameters for job's payload (2020. 11. 03. (화) 05:06:58 CET) ====
taskcmd = bambooRun --module=/home/users/m/c/mchoi/bamboodev/HHbbWWAnalysis/PlotterHHtobbWWDL.py:PlotterNanoHHtobbWWDL --distributed=worker --anaConfig=/home/users/m/c/mchoi/bamboodev/HHbbWWAnalysis/analysis2016_v7.yml --plotIt plotIt --backend dataframe --NoSystematics --Tight --Boosted1Btag --DYVariable False --Channel None --Classifier None --WhadTagger None --input=/home/users/m/c/mchoi/bamboodev/HHbbWWAnalysis/bbww_2016v7_boosted/infiles/SingleElectron_2016B_in_24.txt --output=SingleElectron_2016B.root --tree=Events --certifiedLumiFile=/home/users/m/c/mchoi/bamboodev/HHbbWWAnalysis/bbww_2016v7_boosted/Cert_271036-284044_13TeV_23Sep2016ReReco_Collisions16_JSON.txt --runRange=272007,275376 --sample=SingleElectron_2016B
==== Finished read of input parameters for job's payload (2020. 11. 03. (화) 05:06:58 CET) ====
==== Starting execution of payload (2020. 11. 03. (화) 05:06:58 CET) ====
------------------------- Begin payload output ------------------------
INFO:bamboo.analysismodules:No data-driven contributions selected
INFO:bamboo.analysismodules:Worker process: calling processTrees for /home/users/m/c/mchoi/bamboodev/HHbbWWAnalysis/PlotterHHtobbWWDL.py:PlotterNanoHHtobbWWDL with (['/storage/data/cms/store/data/Run2016B_ver2/SingleElectron/NANOAOD/Nano25Oct2019_ver2-v1/240000/560F21B8-2051-EE48-A825-448AA77FE31D.root', '/storage/data/cms/store/data/Run2016B_ver2/SingleElectron/NANOAOD/Nano25Oct2019_ver2-v1/240000/DE9E5362-D203-074B-A9EF-A4EF12136F0C.root', '/storage/data/cms/store/data/Run2016B_ver2/SingleElectron/NANOAOD/Nano25Oct2019_ver2-v1/240000/29F69F48-50FB-0E41-AEE7-E25888ADBEDD.root'], SingleElectron_2016B.root, treeName=Events, certifiedLumiFile=/home/users/m/c/mchoi/bamboodev/HHbbWWAnalysis/bbww_2016v7_boosted/Cert_271036-284044_13TeV_23Sep2016ReReco_Collisions16_JSON.txt, runRange=(272007, 275376), sample=SingleElectron_2016B)
Warning in <TClass::Init>: no dictionary for class edm::Hash<1> is available
Warning in <TClass::Init>: no dictionary for class edm::ParameterSetBlob is available
Warning in <TClass::Init>: no dictionary for class edm::ProcessHistory is available
Warning in <TClass::Init>: no dictionary for class edm::ProcessConfiguration is available
Warning in <TClass::Init>: no dictionary for class pair<edm::Hash<1>,edm::ParameterSetBlob> is available
INFO:bamboo.analysismodules:Starting to define plots
INFO:bamboo.analysismodules:132 plots defined in 18.22s, max RSS: 510.31MB
INFO:bamboo.analysismodules:Number of uses per node type: defaultdict(<class 'int'>, {'gInterpreter_Declare': 33, 'Filter': 25, 'Define': 170, 'Histo1D': 129, 'Histo2D': 6})
INFO:bamboo.analysismodules:HistoND calls per column type: defaultdict(<class 'int'>, {('ROOT::RDF::RInterface<ROOT::Detail::RDF::RJittedFilter,void>', ('int',)): 30, ('ROOT::RDF::RInterface<ROOT::Detail::RDF::RJittedFilter,void>', ('bool',)): 12, ('ROOT::RDF::RInterface<ROOT::Detail::RDF::RJittedFilter,void>', ('Bool_t',)): 3, ('ROOT::RDF::RInterface<ROOT::Detail::RDF::RJittedFilter,void>', ('float',)): 54, ('ROOT::RDF::RInterface<ROOT::Detail::RDF::RJittedFilter,void>', ('float', 'float')): 6, ('ROOT::RDF::RInterface<ROOT::Detail::RDF::RJittedFilter,void>', ('unsigned long',)): 6, ('ROOT::RDF::RInterface<ROOT::Detail::RDF::RJittedFilter,void>', ('double',)): 24})
INFO:bamboo.analysismodules:Starting to fill plots
INFO:bamboo.analysismodules:Plots finished in 769.59s, max RSS: 1151.84MB (132 histograms)
Could not find branch tree.HLT.Mu8_TrkIsoVVL_Ele23_CaloIdL_TrackIdL_IsoVL_DZ, will omit it
Could not find branch tree.HLT.Mu23_TrkIsoVVL_Ele8_CaloIdL_TrackIdL_IsoVL_DZ, will omit it
... Processing Tight lepton type
...... Processing Ak8 jet selection
...... Processing Boosted jet (1 btag) selection
--------------------------- End payload output ------------------------
Payload exit code: 0
==== Finished execution of payload (2020. 11. 03. (화) 05:20:19 CET) ====
==== Starting stageout of user files (2020. 11. 03. (화) 05:20:19 CET) ====
Destination directory: /home/users/m/c/mchoi/bamboodev/HHbbWWAnalysis/bbww_2016v7_boosted/batch/output/852
List of filename patterns to match against: '*.root'.
Copying file SingleElectron_2016B.root ...
File copied.
==== Finished stageout of user files (2020. 11. 03. (화) 05:20:19 CET) ====
======== Finished job (2020. 11. 03. (화) 05:20:19 CET) ========
Batch script exit code: 0
Will stageout the logs before exiting.
