======== Starting job (2020. 11. 03. (화) 17:09:51 CET) ========
Job id: 21899664
List of nodes allocated to the job: mb-cas207
Batch node: mb-cas207
Startup working directory: /home/ucl/cp3/mchoi/bamboodev/HHbbWWAnalysis
Job working directory: /scratch/mchoi/21899664
==== Starting read of input parameters for job's payload (2020. 11. 03. (화) 17:09:51 CET) ====
taskcmd = bambooRun --module=/home/users/m/c/mchoi/bamboodev/HHbbWWAnalysis/PlotterHHtobbWWDL.py:PlotterNanoHHtobbWWDL --distributed=worker --anaConfig=/home/users/m/c/mchoi/bamboodev/HHbbWWAnalysis/analysis2016_v7.yml --plotIt plotIt --backend dataframe --NoSystematics --Tight --Boosted1Btag --DYVariable False --Channel None --Classifier None --WhadTagger None --input=/home/users/m/c/mchoi/bamboodev/HHbbWWAnalysis/bbww_2016v7_boosted_woak8btag/infiles/tZq_ll_in_1.txt --output=tZq_ll.root --tree=Events --sample=tZq_ll
==== Finished read of input parameters for job's payload (2020. 11. 03. (화) 17:09:52 CET) ====
==== Starting execution of payload (2020. 11. 03. (화) 17:09:52 CET) ====
------------------------- Begin payload output ------------------------
INFO:bamboo.analysismodules:No data-driven contributions selected
INFO:bamboo.analysismodules:Worker process: calling processTrees for /home/users/m/c/mchoi/bamboodev/HHbbWWAnalysis/PlotterHHtobbWWDL.py:PlotterNanoHHtobbWWDL with (['/storage/data/cms/store/mc/RunIISummer16NanoAODv7/tZq_ll_4f_13TeV-amcatnlo-pythia8/NANOAODSIM/PUMoriond17_Nano02Apr2020_102X_mcRun2_asymptotic_v8_ext1-v1/110000/F7E39995-1476-8346-A93E-8C6F9D4DF216.root', '/storage/data/cms/store/mc/RunIISummer16NanoAODv7/tZq_ll_4f_13TeV-amcatnlo-pythia8/NANOAODSIM/PUMoriond17_Nano02Apr2020_102X_mcRun2_asymptotic_v8_ext1-v1/110000/D414F27C-EA5F-334E-92AC-020E1CBB5D17.root', '/storage/data/cms/store/mc/RunIISummer16NanoAODv7/tZq_ll_4f_13TeV-amcatnlo-pythia8/NANOAODSIM/PUMoriond17_Nano02Apr2020_102X_mcRun2_asymptotic_v8_ext1-v1/110000/AE2CC22B-A299-B944-9CD8-4EC821B11DF4.root', '/storage/data/cms/store/mc/RunIISummer16NanoAODv7/tZq_ll_4f_13TeV-amcatnlo-pythia8/NANOAODSIM/PUMoriond17_Nano02Apr2020_102X_mcRun2_asymptotic_v8_ext1-v1/110000/FC9AA30C-78C1-0C43-8B27-04E0AB73EC20.root', '/storage/data/cms/store/mc/RunIISummer16NanoAODv7/tZq_ll_4f_13TeV-amcatnlo-pythia8/NANOAODSIM/PUMoriond17_Nano02Apr2020_102X_mcRun2_asymptotic_v8_ext1-v1/110000/0FA79C24-1985-2A40-97D1-32FD8D9B9AEB.root', '/storage/data/cms/store/mc/RunIISummer16NanoAODv7/tZq_ll_4f_13TeV-amcatnlo-pythia8/NANOAODSIM/PUMoriond17_Nano02Apr2020_102X_mcRun2_asymptotic_v8_ext1-v1/110000/B0F3B994-F706-FC42-9A9A-86A733669922.root', '/storage/data/cms/store/mc/RunIISummer16NanoAODv7/tZq_ll_4f_13TeV-amcatnlo-pythia8/NANOAODSIM/PUMoriond17_Nano02Apr2020_102X_mcRun2_asymptotic_v8_ext1-v1/70000/2ECF1B3C-8A44-4746-8A90-A5C39685B147.root', '/storage/data/cms/store/mc/RunIISummer16NanoAODv7/tZq_ll_4f_PSweights_13TeV-amcatnlo-pythia8/NANOAODSIM/PUMoriond17_Nano02Apr2020_102X_mcRun2_asymptotic_v8-v1/100000/C29ED97C-4F0A-7640-9F37-38CC9071665C.root'], tZq_ll.root, treeName=Events, certifiedLumiFile=None, runRange=None, sample=tZq_ll)
Warning in <TClass::Init>: no dictionary for class edm::ProcessHistory is available
Warning in <TClass::Init>: no dictionary for class edm::ProcessConfiguration is available
Warning in <TClass::Init>: no dictionary for class edm::ParameterSetBlob is available
Warning in <TClass::Init>: no dictionary for class edm::Hash<1> is available
Warning in <TClass::Init>: no dictionary for class pair<edm::Hash<1>,edm::ParameterSetBlob> is available
INFO:bamboo.analysismodules:Starting to define plots
INFO:bamboo.analysismodules:132 plots defined in 73.58s, max RSS: 723.55MB
INFO:bamboo.analysismodules:Number of uses per node type: defaultdict(<class 'int'>, {'gInterpreter_Declare': 53, 'Define': 217, 'Filter': 24, 'Histo1D': 129, 'Histo2D': 6})
INFO:bamboo.analysismodules:HistoND calls per column type: defaultdict(<class 'int'>, {('ROOT::RDF::RInterface<ROOT::Detail::RDF::RJittedFilter,void>', ('int',), 'float'): 3, ('ROOT::RDF::RInterface<ROOT::Detail::RDF::RJittedFilter,void>', ('int',), 'double'): 21, ('ROOT::RDF::RInterface<ROOT::Detail::RDF::RJittedFilter,void>', ('bool',), 'double'): 12, ('ROOT::RDF::RInterface<ROOT::Detail::RDF::RJittedFilter,void>', ('Bool_t',), 'double'): 3, ('ROOT::RDF::RInterface<ROOT::Detail::RDF::RJittedFilter,void>', ('float',), 'double'): 54, ('ROOT::RDF::RInterface<ROOT::Detail::RDF::RJittedFilter,void>', ('float', 'float'), 'double'): 6, ('ROOT::RDF::RInterface<ROOT::Detail::RDF::RJittedFilter,void>', ('unsigned char',), 'double'): 6, ('ROOT::RDF::RInterface<ROOT::Detail::RDF::RJittedFilter,void>', ('unsigned long',), 'double'): 6, ('ROOT::RDF::RInterface<ROOT::Detail::RDF::RJittedFilter,void>', ('double',), 'double'): 24})
INFO:bamboo.analysismodules:Starting to fill plots
INFO:bamboo.analysismodules:Plots finished in 1316.60s, max RSS: 1497.93MB (132 histograms)
Btag Ak4 CSV file /home/users/m/c/mchoi/bamboodev/HHbbWWAnalysis/data/ScaleFactors_POG/DeepJet_2016LegacySF_V1.csv
Reweighting file /home/users/m/c/mchoi/bamboodev/HHbbWWAnalysis/data/ScaleFactors_Btag/BtagReweightingRatio_jetN_tZq_ll_2016.json
... Processing Tight lepton type
...... Processing Ak8 jet selection
...... Processing Boosted jet (1 btag) selection
--------------------------- End payload output ------------------------
Payload exit code: 0
==== Finished execution of payload (2020. 11. 03. (화) 17:33:16 CET) ====
==== Starting stageout of user files (2020. 11. 03. (화) 17:33:16 CET) ====
Destination directory: /home/users/m/c/mchoi/bamboodev/HHbbWWAnalysis/bbww_2016v7_boosted_woak8btag/batch/output/774
List of filename patterns to match against: '*.root'.
Copying file tZq_ll.root ...
File copied.
==== Finished stageout of user files (2020. 11. 03. (화) 17:33:16 CET) ====
======== Finished job (2020. 11. 03. (화) 17:33:16 CET) ========
Batch script exit code: 0
Will stageout the logs before exiting.
