======== Starting job (2020. 11. 03. (화) 16:57:26 CET) ========
Job id: 21899344
List of nodes allocated to the job: mb-cas211
Batch node: mb-cas211
Startup working directory: /home/ucl/cp3/mchoi/bamboodev/HHbbWWAnalysis
Job working directory: /scratch/mchoi/21899344
==== Starting read of input parameters for job's payload (2020. 11. 03. (화) 16:57:26 CET) ====
taskcmd = bambooRun --module=/home/users/m/c/mchoi/bamboodev/HHbbWWAnalysis/PlotterHHtobbWWDL.py:PlotterNanoHHtobbWWDL --distributed=worker --anaConfig=/home/users/m/c/mchoi/bamboodev/HHbbWWAnalysis/analysis2016_v7.yml --plotIt plotIt --backend dataframe --NoSystematics --Tight --Boosted1Btag --DYVariable False --Channel None --Classifier None --WhadTagger None --input=/home/users/m/c/mchoi/bamboodev/HHbbWWAnalysis/bbww_2016v7_boosted_woak8btag/infiles/WZTo2L2Q_in_4.txt --output=WZTo2L2Q.root --tree=Events --sample=WZTo2L2Q
==== Finished read of input parameters for job's payload (2020. 11. 03. (화) 16:57:26 CET) ====
==== Starting execution of payload (2020. 11. 03. (화) 16:57:26 CET) ====
------------------------- Begin payload output ------------------------
INFO:bamboo.analysismodules:No data-driven contributions selected
INFO:bamboo.analysismodules:Worker process: calling processTrees for /home/users/m/c/mchoi/bamboodev/HHbbWWAnalysis/PlotterHHtobbWWDL.py:PlotterNanoHHtobbWWDL with (['/storage/data/cms/store/mc/RunIISummer16NanoAODv7/WZTo2L2Q_13TeV_amcatnloFXFX_madspin_pythia8/NANOAODSIM/PUMoriond17_Nano02Apr2020_102X_mcRun2_asymptotic_v8-v1/100000/8D9DF4FA-6BF8-5546-99D7-BA5D00FEB239.root', '/storage/data/cms/store/mc/RunIISummer16NanoAODv7/WZTo2L2Q_13TeV_amcatnloFXFX_madspin_pythia8/NANOAODSIM/PUMoriond17_Nano02Apr2020_102X_mcRun2_asymptotic_v8-v1/100000/2069FB50-7797-CF4B-9656-31B114C6AC33.root'], WZTo2L2Q.root, treeName=Events, certifiedLumiFile=None, runRange=None, sample=WZTo2L2Q)
Warning in <TClass::Init>: no dictionary for class edm::ProcessHistory is available
Warning in <TClass::Init>: no dictionary for class edm::ProcessConfiguration is available
Warning in <TClass::Init>: no dictionary for class edm::ParameterSetBlob is available
Warning in <TClass::Init>: no dictionary for class edm::Hash<1> is available
Warning in <TClass::Init>: no dictionary for class pair<edm::Hash<1>,edm::ParameterSetBlob> is available
INFO:bamboo.analysismodules:Starting to define plots
INFO:bamboo.analysismodules:132 plots defined in 79.18s, max RSS: 751.31MB
INFO:bamboo.analysismodules:Number of uses per node type: defaultdict(<class 'int'>, {'gInterpreter_Declare': 53, 'Define': 217, 'Filter': 24, 'Histo1D': 129, 'Histo2D': 6})
INFO:bamboo.analysismodules:HistoND calls per column type: defaultdict(<class 'int'>, {('ROOT::RDF::RInterface<ROOT::Detail::RDF::RJittedFilter,void>', ('int',), 'float'): 3, ('ROOT::RDF::RInterface<ROOT::Detail::RDF::RJittedFilter,void>', ('int',), 'double'): 21, ('ROOT::RDF::RInterface<ROOT::Detail::RDF::RJittedFilter,void>', ('bool',), 'double'): 12, ('ROOT::RDF::RInterface<ROOT::Detail::RDF::RJittedFilter,void>', ('Bool_t',), 'double'): 3, ('ROOT::RDF::RInterface<ROOT::Detail::RDF::RJittedFilter,void>', ('float',), 'double'): 54, ('ROOT::RDF::RInterface<ROOT::Detail::RDF::RJittedFilter,void>', ('float', 'float'), 'double'): 6, ('ROOT::RDF::RInterface<ROOT::Detail::RDF::RJittedFilter,void>', ('unsigned char',), 'double'): 6, ('ROOT::RDF::RInterface<ROOT::Detail::RDF::RJittedFilter,void>', ('unsigned long',), 'double'): 6, ('ROOT::RDF::RInterface<ROOT::Detail::RDF::RJittedFilter,void>', ('double',), 'double'): 24})
INFO:bamboo.analysismodules:Starting to fill plots
INFO:bamboo.analysismodules:Plots finished in 527.39s, max RSS: 1525.46MB (132 histograms)
Btag Ak4 CSV file /home/users/m/c/mchoi/bamboodev/HHbbWWAnalysis/data/ScaleFactors_POG/DeepJet_2016LegacySF_V1.csv
Reweighting file /home/users/m/c/mchoi/bamboodev/HHbbWWAnalysis/data/ScaleFactors_Btag/BtagReweightingRatio_jetN_WZTo2L2Q_2016.json
... Processing Tight lepton type
...... Processing Ak8 jet selection
...... Processing Boosted jet (1 btag) selection
--------------------------- End payload output ------------------------
Payload exit code: 0
==== Finished execution of payload (2020. 11. 03. (화) 17:08:11 CET) ====
==== Starting stageout of user files (2020. 11. 03. (화) 17:08:11 CET) ====
Destination directory: /home/users/m/c/mchoi/bamboodev/HHbbWWAnalysis/bbww_2016v7_boosted_woak8btag/batch/output/663
List of filename patterns to match against: '*.root'.
Copying file WZTo2L2Q.root ...
File copied.
==== Finished stageout of user files (2020. 11. 03. (화) 17:08:11 CET) ====
======== Finished job (2020. 11. 03. (화) 17:08:11 CET) ========
Batch script exit code: 0
Will stageout the logs before exiting.
