======== Starting job (2020. 11. 03. (화) 17:07:57 CET) ========
Job id: 21899607
List of nodes allocated to the job: mb-sky017
Batch node: mb-sky017
Startup working directory: /home/ucl/cp3/mchoi/bamboodev/HHbbWWAnalysis
Job working directory: /scratch/mchoi/21899607
==== Starting read of input parameters for job's payload (2020. 11. 03. (화) 17:07:57 CET) ====
taskcmd = bambooRun --module=/home/users/m/c/mchoi/bamboodev/HHbbWWAnalysis/PlotterHHtobbWWDL.py:PlotterNanoHHtobbWWDL --distributed=worker --anaConfig=/home/users/m/c/mchoi/bamboodev/HHbbWWAnalysis/analysis2016_v7.yml --plotIt plotIt --backend dataframe --NoSystematics --Tight --Boosted1Btag --DYVariable False --Channel None --Classifier None --WhadTagger None --input=/home/users/m/c/mchoi/bamboodev/HHbbWWAnalysis/bbww_2016v7_boosted_woak8btag/infiles/WGToLNuG_in_7.txt --output=WGToLNuG.root --tree=Events --sample=WGToLNuG
==== Finished read of input parameters for job's payload (2020. 11. 03. (화) 17:07:57 CET) ====
==== Starting execution of payload (2020. 11. 03. (화) 17:07:57 CET) ====
------------------------- Begin payload output ------------------------
INFO:bamboo.analysismodules:No data-driven contributions selected
INFO:bamboo.analysismodules:Worker process: calling processTrees for /home/users/m/c/mchoi/bamboodev/HHbbWWAnalysis/PlotterHHtobbWWDL.py:PlotterNanoHHtobbWWDL with (['/storage/data/cms/store/mc/RunIISummer16NanoAODv7/WGToLNuG_01J_5f_TuneCUETP8M1_13TeV-amcatnloFXFX-pythia8/NANOAODSIM/PUMoriond17_Nano02Apr2020_102X_mcRun2_asymptotic_v8-v1/110000/F4750608-9694-4B45-AC82-76B2C8F062F5.root', '/storage/data/cms/store/mc/RunIISummer16NanoAODv7/WGToLNuG_01J_5f_TuneCUETP8M1_13TeV-amcatnloFXFX-pythia8/NANOAODSIM/PUMoriond17_Nano02Apr2020_102X_mcRun2_asymptotic_v8-v1/110000/74489B65-E9A9-6E43-A178-A5EDF750A01C.root', '/storage/data/cms/store/mc/RunIISummer16NanoAODv7/WGToLNuG_01J_5f_TuneCUETP8M1_13TeV-amcatnloFXFX-pythia8/NANOAODSIM/PUMoriond17_Nano02Apr2020_102X_mcRun2_asymptotic_v8-v1/260000/4C17E44D-8224-1B43-98E4-150054768FCE.root', '/storage/data/cms/store/mc/RunIISummer16NanoAODv7/WGToLNuG_01J_5f_TuneCUETP8M1_13TeV-amcatnloFXFX-pythia8/NANOAODSIM/PUMoriond17_Nano02Apr2020_102X_mcRun2_asymptotic_v8-v1/260000/884D2C91-F063-E142-88CC-F49EFB4FADCC.root', '/storage/data/cms/store/mc/RunIISummer16NanoAODv7/WGToLNuG_01J_5f_TuneCUETP8M1_13TeV-amcatnloFXFX-pythia8/NANOAODSIM/PUMoriond17_Nano02Apr2020_102X_mcRun2_asymptotic_v8-v1/70000/B03987C2-1F0C-0746-8C03-9A6445C9AB41.root', '/storage/data/cms/store/mc/RunIISummer16NanoAODv7/WGToLNuG_01J_5f_TuneCUETP8M1_13TeV-amcatnloFXFX-pythia8/NANOAODSIM/PUMoriond17_Nano02Apr2020_102X_mcRun2_asymptotic_v8-v1/70000/DF0D65EE-8154-D64C-8214-56BE4F70369C.root', '/storage/data/cms/store/mc/RunIISummer16NanoAODv7/WGToLNuG_01J_5f_TuneCUETP8M1_13TeV-amcatnloFXFX-pythia8/NANOAODSIM/PUMoriond17_Nano02Apr2020_102X_mcRun2_asymptotic_v8-v1/110000/61E80959-EB32-0E4A-9801-6901993BC088.root'], WGToLNuG.root, treeName=Events, certifiedLumiFile=None, runRange=None, sample=WGToLNuG)
Warning in <TClass::Init>: no dictionary for class edm::ProcessHistory is available
Warning in <TClass::Init>: no dictionary for class edm::ProcessConfiguration is available
Warning in <TClass::Init>: no dictionary for class edm::ParameterSetBlob is available
Warning in <TClass::Init>: no dictionary for class edm::Hash<1> is available
Warning in <TClass::Init>: no dictionary for class pair<edm::Hash<1>,edm::ParameterSetBlob> is available
INFO:bamboo.analysismodules:Starting to define plots
INFO:bamboo.analysismodules:132 plots defined in 56.72s, max RSS: 731.27MB
INFO:bamboo.analysismodules:Number of uses per node type: defaultdict(<class 'int'>, {'gInterpreter_Declare': 53, 'Define': 217, 'Filter': 24, 'Histo1D': 129, 'Histo2D': 6})
INFO:bamboo.analysismodules:HistoND calls per column type: defaultdict(<class 'int'>, {('ROOT::RDF::RInterface<ROOT::Detail::RDF::RJittedFilter,void>', ('int',), 'float'): 3, ('ROOT::RDF::RInterface<ROOT::Detail::RDF::RJittedFilter,void>', ('int',), 'double'): 21, ('ROOT::RDF::RInterface<ROOT::Detail::RDF::RJittedFilter,void>', ('bool',), 'double'): 12, ('ROOT::RDF::RInterface<ROOT::Detail::RDF::RJittedFilter,void>', ('Bool_t',), 'double'): 3, ('ROOT::RDF::RInterface<ROOT::Detail::RDF::RJittedFilter,void>', ('float',), 'double'): 54, ('ROOT::RDF::RInterface<ROOT::Detail::RDF::RJittedFilter,void>', ('float', 'float'), 'double'): 6, ('ROOT::RDF::RInterface<ROOT::Detail::RDF::RJittedFilter,void>', ('unsigned char',), 'double'): 6, ('ROOT::RDF::RInterface<ROOT::Detail::RDF::RJittedFilter,void>', ('unsigned long',), 'double'): 6, ('ROOT::RDF::RInterface<ROOT::Detail::RDF::RJittedFilter,void>', ('double',), 'double'): 24})
INFO:bamboo.analysismodules:Starting to fill plots
INFO:bamboo.analysismodules:Plots finished in 142.91s, max RSS: 1491.79MB (132 histograms)
Btag Ak4 CSV file /home/users/m/c/mchoi/bamboodev/HHbbWWAnalysis/data/ScaleFactors_POG/DeepJet_2016LegacySF_V1.csv
Reweighting file /home/users/m/c/mchoi/bamboodev/HHbbWWAnalysis/data/ScaleFactors_Btag/BtagReweightingRatio_jetN_WGToLNuG_2016.json
... Processing Tight lepton type
...... Processing Ak8 jet selection
...... Processing Boosted jet (1 btag) selection
--------------------------- End payload output ------------------------
Payload exit code: 0
==== Finished execution of payload (2020. 11. 03. (화) 17:11:28 CET) ====
==== Starting stageout of user files (2020. 11. 03. (화) 17:11:28 CET) ====
Destination directory: /home/users/m/c/mchoi/bamboodev/HHbbWWAnalysis/bbww_2016v7_boosted_woak8btag/batch/output/749
List of filename patterns to match against: '*.root'.
Copying file WGToLNuG.root ...
File copied.
==== Finished stageout of user files (2020. 11. 03. (화) 17:11:28 CET) ====
======== Finished job (2020. 11. 03. (화) 17:11:28 CET) ========
Batch script exit code: 0
Will stageout the logs before exiting.
