Plotting 'ElEl_HasElElTightOneAk8JetInclusiveBoostedOneBtag_Ak8BJets_N'
Plotting 'ElEl_HasElElTightOneAk8JetInclusiveBoostedOneBtag_Ak8BJets_N'
Plotting 'ElEl_HasElElTightOneAk8JetInclusiveBoostedOneBtag_Ak8Jets_N'
Plotting 'ElEl_HasElElTightOneAk8JetInclusiveBoostedOneBtag_Ak8Jets_N'
Plotting 'ElEl_HasElElTightOneAk8JetInclusiveBoostedOneBtag_dilepton_deltaPhi'
Plotting 'ElEl_HasElElTightOneAk8JetInclusiveBoostedOneBtag_dilepton_deltaPhi'
Plotting 'ElEl_HasElElTightOneAk8JetInclusiveBoostedOneBtag_dilepton_deltaR'
Plotting 'ElEl_HasElElTightOneAk8JetInclusiveBoostedOneBtag_dilepton_deltaR'
Plotting 'ElEl_HasElElTightOneAk8JetInclusiveBoostedOneBtag_dilepton_invariantMass'
Plotting 'ElEl_HasElElTightOneAk8JetInclusiveBoostedOneBtag_dilepton_invariantMass'
Plotting 'ElEl_HasElElTightOneAk8JetInclusiveBoostedOneBtag_dilepton_pt'
Plotting 'ElEl_HasElElTightOneAk8JetInclusiveBoostedOneBtag_dilepton_pt'
Plotting 'ElEl_HasElElTightOneAk8JetInclusiveBoostedOneBtag_fatjet_btagDeepB'
Plotting 'ElEl_HasElElTightOneAk8JetInclusiveBoostedOneBtag_fatjet_btagDeepB'
Plotting 'ElEl_HasElElTightOneAk8JetInclusiveBoostedOneBtag_fatjet_btagHbb'
Plotting 'ElEl_HasElElTightOneAk8JetInclusiveBoostedOneBtag_fatjet_btagHbb'
Plotting 'ElEl_HasElElTightOneAk8JetInclusiveBoostedOneBtag_fatjet_eta'
Plotting 'ElEl_HasElElTightOneAk8JetInclusiveBoostedOneBtag_fatjet_eta'
Plotting 'ElEl_HasElElTightOneAk8JetInclusiveBoostedOneBtag_fatjet_mass'
Plotting 'ElEl_HasElElTightOneAk8JetInclusiveBoostedOneBtag_fatjet_mass'
Plotting 'ElEl_HasElElTightOneAk8JetInclusiveBoostedOneBtag_fatjet_phi'
Plotting 'ElEl_HasElElTightOneAk8JetInclusiveBoostedOneBtag_fatjet_phi'
Plotting 'ElEl_HasElElTightOneAk8JetInclusiveBoostedOneBtag_fatjet_pt'
Plotting 'ElEl_HasElElTightOneAk8JetInclusiveBoostedOneBtag_fatjet_pt'
Plotting 'ElEl_HasElElTightOneAk8JetInclusiveBoostedOneBtag_fatjet_softdropmass'
Plotting 'ElEl_HasElElTightOneAk8JetInclusiveBoostedOneBtag_fatjet_softdropmass'
Plotting 'ElEl_HasElElTightOneAk8JetInclusiveBoostedOneBtag_firstlepton_eta'
Plotting 'ElEl_HasElElTightOneAk8JetInclusiveBoostedOneBtag_firstlepton_eta'
Plotting 'ElEl_HasElElTightOneAk8JetInclusiveBoostedOneBtag_firstlepton_genPartFlav'
Plotting 'ElEl_HasElElTightOneAk8JetInclusiveBoostedOneBtag_firstlepton_genPartFlav'
Plotting 'ElEl_HasElElTightOneAk8JetInclusiveBoostedOneBtag_firstlepton_phi'
Plotting 'ElEl_HasElElTightOneAk8JetInclusiveBoostedOneBtag_firstlepton_phi'
Plotting 'ElEl_HasElElTightOneAk8JetInclusiveBoostedOneBtag_firstlepton_pt'
Plotting 'ElEl_HasElElTightOneAk8JetInclusiveBoostedOneBtag_firstlepton_pt'
Plotting 'ElEl_HasElElTightOneAk8JetInclusiveBoostedOneBtag_highlevelvariable_DilepJetInvariantMass'
Plotting 'ElEl_HasElElTightOneAk8JetInclusiveBoostedOneBtag_highlevelvariable_DilepJetInvariantMass'
Plotting 'ElEl_HasElElTightOneAk8JetInclusiveBoostedOneBtag_highlevelvariable_DilepMETdeltaPhi'
Plotting 'ElEl_HasElElTightOneAk8JetInclusiveBoostedOneBtag_highlevelvariable_DilepMETdeltaPhi'
Plotting 'ElEl_HasElElTightOneAk8JetInclusiveBoostedOneBtag_highlevelvariable_DilepMETpt'
Plotting 'ElEl_HasElElTightOneAk8JetInclusiveBoostedOneBtag_highlevelvariable_DilepMETpt'
Plotting 'ElEl_HasElElTightOneAk8JetInclusiveBoostedOneBtag_highlevelvariable_HT2'
Plotting 'ElEl_HasElElTightOneAk8JetInclusiveBoostedOneBtag_highlevelvariable_HT2'
Plotting 'ElEl_HasElElTightOneAk8JetInclusiveBoostedOneBtag_highlevelvariable_HT2R'
Plotting 'ElEl_HasElElTightOneAk8JetInclusiveBoostedOneBtag_highlevelvariable_HT2R'
Plotting 'ElEl_HasElElTightOneAk8JetInclusiveBoostedOneBtag_highlevelvariable_MTll'
Plotting 'ElEl_HasElElTightOneAk8JetInclusiveBoostedOneBtag_highlevelvariable_MTll'
Plotting 'ElEl_HasElElTightOneAk8JetInclusiveBoostedOneBtag_highlevelvariable_MTlljj'
Plotting 'ElEl_HasElElTightOneAk8JetInclusiveBoostedOneBtag_highlevelvariable_MTlljj'
Plotting 'ElEl_HasElElTightOneAk8JetInclusiveBoostedOneBtag_met_phi'
Plotting 'ElEl_HasElElTightOneAk8JetInclusiveBoostedOneBtag_met_phi'
Plotting 'ElEl_HasElElTightOneAk8JetInclusiveBoostedOneBtag_met_pt'
Plotting 'ElEl_HasElElTightOneAk8JetInclusiveBoostedOneBtag_met_pt'
Plotting 'ElEl_HasElElTightOneAk8JetInclusiveBoostedOneBtag_secondlepton_eta'
Plotting 'ElEl_HasElElTightOneAk8JetInclusiveBoostedOneBtag_secondlepton_eta'
Plotting 'ElEl_HasElElTightOneAk8JetInclusiveBoostedOneBtag_secondlepton_genPartFlav'
Plotting 'ElEl_HasElElTightOneAk8JetInclusiveBoostedOneBtag_secondlepton_genPartFlav'
Plotting 'ElEl_HasElElTightOneAk8JetInclusiveBoostedOneBtag_secondlepton_phi'
Plotting 'ElEl_HasElElTightOneAk8JetInclusiveBoostedOneBtag_secondlepton_phi'
Plotting 'ElEl_HasElElTightOneAk8JetInclusiveBoostedOneBtag_secondlepton_pt'
Plotting 'ElEl_HasElElTightOneAk8JetInclusiveBoostedOneBtag_secondlepton_pt'
Plotting 'ElEl_HasElElTight_trigger_MuonElectron'
Plotting 'ElEl_HasElElTight_trigger_MuonElectron'
Plotting 'ElEl_HasElElTight_trigger_doubleElectron'
Plotting 'ElEl_HasElElTight_trigger_doubleElectron'
Plotting 'ElEl_HasElElTight_trigger_doubleMuon'
Plotting 'ElEl_HasElElTight_trigger_doubleMuon'
Plotting 'ElEl_HasElElTight_trigger_singleElectron'
Plotting 'ElEl_HasElElTight_trigger_singleElectron'
Plotting 'ElEl_HasElElTight_trigger_singleMuon'
Plotting 'ElEl_HasElElTight_trigger_singleMuon'
Plotting 'ElMu_HasElMuTightOneAk8JetInclusiveBoostedOneBtag_Ak8BJets_N'
Plotting 'ElMu_HasElMuTightOneAk8JetInclusiveBoostedOneBtag_Ak8BJets_N'
Plotting 'ElMu_HasElMuTightOneAk8JetInclusiveBoostedOneBtag_Ak8Jets_N'
Plotting 'ElMu_HasElMuTightOneAk8JetInclusiveBoostedOneBtag_Ak8Jets_N'
Plotting 'ElMu_HasElMuTightOneAk8JetInclusiveBoostedOneBtag_dilepton_deltaPhi'
Plotting 'ElMu_HasElMuTightOneAk8JetInclusiveBoostedOneBtag_dilepton_deltaPhi'
Plotting 'ElMu_HasElMuTightOneAk8JetInclusiveBoostedOneBtag_dilepton_deltaR'
Plotting 'ElMu_HasElMuTightOneAk8JetInclusiveBoostedOneBtag_dilepton_deltaR'
Plotting 'ElMu_HasElMuTightOneAk8JetInclusiveBoostedOneBtag_dilepton_invariantMass'
Plotting 'ElMu_HasElMuTightOneAk8JetInclusiveBoostedOneBtag_dilepton_invariantMass'
Plotting 'ElMu_HasElMuTightOneAk8JetInclusiveBoostedOneBtag_dilepton_pt'
Plotting 'ElMu_HasElMuTightOneAk8JetInclusiveBoostedOneBtag_dilepton_pt'
Plotting 'ElMu_HasElMuTightOneAk8JetInclusiveBoostedOneBtag_fatjet_btagDeepB'
Plotting 'ElMu_HasElMuTightOneAk8JetInclusiveBoostedOneBtag_fatjet_btagDeepB'
Plotting 'ElMu_HasElMuTightOneAk8JetInclusiveBoostedOneBtag_fatjet_btagHbb'
Plotting 'ElMu_HasElMuTightOneAk8JetInclusiveBoostedOneBtag_fatjet_btagHbb'
Plotting 'ElMu_HasElMuTightOneAk8JetInclusiveBoostedOneBtag_fatjet_eta'
Plotting 'ElMu_HasElMuTightOneAk8JetInclusiveBoostedOneBtag_fatjet_eta'
Plotting 'ElMu_HasElMuTightOneAk8JetInclusiveBoostedOneBtag_fatjet_mass'
Plotting 'ElMu_HasElMuTightOneAk8JetInclusiveBoostedOneBtag_fatjet_mass'
Plotting 'ElMu_HasElMuTightOneAk8JetInclusiveBoostedOneBtag_fatjet_phi'
Plotting 'ElMu_HasElMuTightOneAk8JetInclusiveBoostedOneBtag_fatjet_phi'
Plotting 'ElMu_HasElMuTightOneAk8JetInclusiveBoostedOneBtag_fatjet_pt'
Plotting 'ElMu_HasElMuTightOneAk8JetInclusiveBoostedOneBtag_fatjet_pt'
Plotting 'ElMu_HasElMuTightOneAk8JetInclusiveBoostedOneBtag_fatjet_softdropmass'
Plotting 'ElMu_HasElMuTightOneAk8JetInclusiveBoostedOneBtag_fatjet_softdropmass'
Plotting 'ElMu_HasElMuTightOneAk8JetInclusiveBoostedOneBtag_firstlepton_eta'
Plotting 'ElMu_HasElMuTightOneAk8JetInclusiveBoostedOneBtag_firstlepton_eta'
Plotting 'ElMu_HasElMuTightOneAk8JetInclusiveBoostedOneBtag_firstlepton_genPartFlav'
Plotting 'ElMu_HasElMuTightOneAk8JetInclusiveBoostedOneBtag_firstlepton_genPartFlav'
Producing LaTeX yield table.
No processes/data/categories defined
Plotting 'ElMu_HasElMuTightOneAk8JetInclusiveBoostedOneBtag_firstlepton_phi'
Plotting 'ElMu_HasElMuTightOneAk8JetInclusiveBoostedOneBtag_firstlepton_phi'
Plotting 'ElMu_HasElMuTightOneAk8JetInclusiveBoostedOneBtag_firstlepton_pt'
Plotting 'ElMu_HasElMuTightOneAk8JetInclusiveBoostedOneBtag_firstlepton_pt'
Plotting 'ElMu_HasElMuTightOneAk8JetInclusiveBoostedOneBtag_highlevelvariable_DilepJetInvariantMass'
Plotting 'ElMu_HasElMuTightOneAk8JetInclusiveBoostedOneBtag_highlevelvariable_DilepJetInvariantMass'
Plotting 'ElMu_HasElMuTightOneAk8JetInclusiveBoostedOneBtag_highlevelvariable_DilepMETdeltaPhi'
Plotting 'ElMu_HasElMuTightOneAk8JetInclusiveBoostedOneBtag_highlevelvariable_DilepMETdeltaPhi'
Plotting 'ElMu_HasElMuTightOneAk8JetInclusiveBoostedOneBtag_highlevelvariable_DilepMETpt'
Plotting 'ElMu_HasElMuTightOneAk8JetInclusiveBoostedOneBtag_highlevelvariable_DilepMETpt'
Plotting 'ElMu_HasElMuTightOneAk8JetInclusiveBoostedOneBtag_highlevelvariable_HT2'
Plotting 'ElMu_HasElMuTightOneAk8JetInclusiveBoostedOneBtag_highlevelvariable_HT2'
Plotting 'ElMu_HasElMuTightOneAk8JetInclusiveBoostedOneBtag_highlevelvariable_HT2R'
Plotting 'ElMu_HasElMuTightOneAk8JetInclusiveBoostedOneBtag_highlevelvariable_HT2R'
Plotting 'ElMu_HasElMuTightOneAk8JetInclusiveBoostedOneBtag_highlevelvariable_MTll'
Plotting 'ElMu_HasElMuTightOneAk8JetInclusiveBoostedOneBtag_highlevelvariable_MTll'
Plotting 'ElMu_HasElMuTightOneAk8JetInclusiveBoostedOneBtag_highlevelvariable_MTlljj'
Plotting 'ElMu_HasElMuTightOneAk8JetInclusiveBoostedOneBtag_highlevelvariable_MTlljj'
Plotting 'ElMu_HasElMuTightOneAk8JetInclusiveBoostedOneBtag_met_phi'
Plotting 'ElMu_HasElMuTightOneAk8JetInclusiveBoostedOneBtag_met_phi'
Plotting 'ElMu_HasElMuTightOneAk8JetInclusiveBoostedOneBtag_met_pt'
Plotting 'ElMu_HasElMuTightOneAk8JetInclusiveBoostedOneBtag_met_pt'
Plotting 'ElMu_HasElMuTightOneAk8JetInclusiveBoostedOneBtag_secondlepton_eta'
Plotting 'ElMu_HasElMuTightOneAk8JetInclusiveBoostedOneBtag_secondlepton_eta'
Plotting 'ElMu_HasElMuTightOneAk8JetInclusiveBoostedOneBtag_secondlepton_genPartFlav'
Plotting 'ElMu_HasElMuTightOneAk8JetInclusiveBoostedOneBtag_secondlepton_genPartFlav'
Plotting 'ElMu_HasElMuTightOneAk8JetInclusiveBoostedOneBtag_secondlepton_phi'
Plotting 'ElMu_HasElMuTightOneAk8JetInclusiveBoostedOneBtag_secondlepton_phi'
Plotting 'ElMu_HasElMuTightOneAk8JetInclusiveBoostedOneBtag_secondlepton_pt'
Plotting 'ElMu_HasElMuTightOneAk8JetInclusiveBoostedOneBtag_secondlepton_pt'
Plotting 'ElMu_HasElMuTight_trigger_MuonElectron'
Plotting 'ElMu_HasElMuTight_trigger_MuonElectron'
Plotting 'ElMu_HasElMuTight_trigger_doubleElectron'
Plotting 'ElMu_HasElMuTight_trigger_doubleElectron'
Plotting 'ElMu_HasElMuTight_trigger_doubleMuon'
Plotting 'ElMu_HasElMuTight_trigger_doubleMuon'
Plotting 'ElMu_HasElMuTight_trigger_singleElectron'
Plotting 'ElMu_HasElMuTight_trigger_singleElectron'
Plotting 'ElMu_HasElMuTight_trigger_singleMuon'
Plotting 'ElMu_HasElMuTight_trigger_singleMuon'
Plotting 'MuMu_HasMuMuTightOneAk8JetInclusiveBoostedOneBtag_Ak8BJets_N'
Plotting 'MuMu_HasMuMuTightOneAk8JetInclusiveBoostedOneBtag_Ak8BJets_N'
Plotting 'MuMu_HasMuMuTightOneAk8JetInclusiveBoostedOneBtag_Ak8Jets_N'
Plotting 'MuMu_HasMuMuTightOneAk8JetInclusiveBoostedOneBtag_Ak8Jets_N'
Plotting 'MuMu_HasMuMuTightOneAk8JetInclusiveBoostedOneBtag_dilepton_deltaPhi'
Plotting 'MuMu_HasMuMuTightOneAk8JetInclusiveBoostedOneBtag_dilepton_deltaPhi'
Plotting 'MuMu_HasMuMuTightOneAk8JetInclusiveBoostedOneBtag_dilepton_deltaR'
Plotting 'MuMu_HasMuMuTightOneAk8JetInclusiveBoostedOneBtag_dilepton_deltaR'
Plotting 'MuMu_HasMuMuTightOneAk8JetInclusiveBoostedOneBtag_dilepton_invariantMass'
Plotting 'MuMu_HasMuMuTightOneAk8JetInclusiveBoostedOneBtag_dilepton_invariantMass'
Plotting 'MuMu_HasMuMuTightOneAk8JetInclusiveBoostedOneBtag_dilepton_pt'
Plotting 'MuMu_HasMuMuTightOneAk8JetInclusiveBoostedOneBtag_dilepton_pt'
Plotting 'MuMu_HasMuMuTightOneAk8JetInclusiveBoostedOneBtag_fatjet_btagDeepB'
Plotting 'MuMu_HasMuMuTightOneAk8JetInclusiveBoostedOneBtag_fatjet_btagDeepB'
Plotting 'MuMu_HasMuMuTightOneAk8JetInclusiveBoostedOneBtag_fatjet_btagHbb'
Plotting 'MuMu_HasMuMuTightOneAk8JetInclusiveBoostedOneBtag_fatjet_btagHbb'
Plotting 'MuMu_HasMuMuTightOneAk8JetInclusiveBoostedOneBtag_fatjet_eta'
Plotting 'MuMu_HasMuMuTightOneAk8JetInclusiveBoostedOneBtag_fatjet_eta'
Plotting 'MuMu_HasMuMuTightOneAk8JetInclusiveBoostedOneBtag_fatjet_mass'
Plotting 'MuMu_HasMuMuTightOneAk8JetInclusiveBoostedOneBtag_fatjet_mass'
Plotting 'MuMu_HasMuMuTightOneAk8JetInclusiveBoostedOneBtag_fatjet_phi'
Plotting 'MuMu_HasMuMuTightOneAk8JetInclusiveBoostedOneBtag_fatjet_phi'
Plotting 'MuMu_HasMuMuTightOneAk8JetInclusiveBoostedOneBtag_fatjet_pt'
Plotting 'MuMu_HasMuMuTightOneAk8JetInclusiveBoostedOneBtag_fatjet_pt'
Plotting 'MuMu_HasMuMuTightOneAk8JetInclusiveBoostedOneBtag_fatjet_softdropmass'
Plotting 'MuMu_HasMuMuTightOneAk8JetInclusiveBoostedOneBtag_fatjet_softdropmass'
Plotting 'MuMu_HasMuMuTightOneAk8JetInclusiveBoostedOneBtag_firstlepton_eta'
Plotting 'MuMu_HasMuMuTightOneAk8JetInclusiveBoostedOneBtag_firstlepton_eta'
Plotting 'MuMu_HasMuMuTightOneAk8JetInclusiveBoostedOneBtag_firstlepton_genPartFlav'
Plotting 'MuMu_HasMuMuTightOneAk8JetInclusiveBoostedOneBtag_firstlepton_genPartFlav'
Plotting 'MuMu_HasMuMuTightOneAk8JetInclusiveBoostedOneBtag_firstlepton_phi'
Plotting 'MuMu_HasMuMuTightOneAk8JetInclusiveBoostedOneBtag_firstlepton_phi'
Plotting 'MuMu_HasMuMuTightOneAk8JetInclusiveBoostedOneBtag_firstlepton_pt'
Plotting 'MuMu_HasMuMuTightOneAk8JetInclusiveBoostedOneBtag_firstlepton_pt'
Plotting 'MuMu_HasMuMuTightOneAk8JetInclusiveBoostedOneBtag_highlevelvariable_DilepJetInvariantMass'
Plotting 'MuMu_HasMuMuTightOneAk8JetInclusiveBoostedOneBtag_highlevelvariable_DilepJetInvariantMass'
Plotting 'MuMu_HasMuMuTightOneAk8JetInclusiveBoostedOneBtag_highlevelvariable_DilepMETdeltaPhi'
Plotting 'MuMu_HasMuMuTightOneAk8JetInclusiveBoostedOneBtag_highlevelvariable_DilepMETdeltaPhi'
Plotting 'MuMu_HasMuMuTightOneAk8JetInclusiveBoostedOneBtag_highlevelvariable_DilepMETpt'
Plotting 'MuMu_HasMuMuTightOneAk8JetInclusiveBoostedOneBtag_highlevelvariable_DilepMETpt'
Plotting 'MuMu_HasMuMuTightOneAk8JetInclusiveBoostedOneBtag_highlevelvariable_HT2'
Plotting 'MuMu_HasMuMuTightOneAk8JetInclusiveBoostedOneBtag_highlevelvariable_HT2'
Plotting 'MuMu_HasMuMuTightOneAk8JetInclusiveBoostedOneBtag_highlevelvariable_HT2R'
Plotting 'MuMu_HasMuMuTightOneAk8JetInclusiveBoostedOneBtag_highlevelvariable_HT2R'
Plotting 'MuMu_HasMuMuTightOneAk8JetInclusiveBoostedOneBtag_highlevelvariable_MTll'
Plotting 'MuMu_HasMuMuTightOneAk8JetInclusiveBoostedOneBtag_highlevelvariable_MTll'
Plotting 'MuMu_HasMuMuTightOneAk8JetInclusiveBoostedOneBtag_highlevelvariable_MTlljj'
Plotting 'MuMu_HasMuMuTightOneAk8JetInclusiveBoostedOneBtag_highlevelvariable_MTlljj'
Plotting 'MuMu_HasMuMuTightOneAk8JetInclusiveBoostedOneBtag_met_phi'
Plotting 'MuMu_HasMuMuTightOneAk8JetInclusiveBoostedOneBtag_met_phi'
Plotting 'MuMu_HasMuMuTightOneAk8JetInclusiveBoostedOneBtag_met_pt'
Plotting 'MuMu_HasMuMuTightOneAk8JetInclusiveBoostedOneBtag_met_pt'
Plotting 'MuMu_HasMuMuTightOneAk8JetInclusiveBoostedOneBtag_secondlepton_eta'
Plotting 'MuMu_HasMuMuTightOneAk8JetInclusiveBoostedOneBtag_secondlepton_eta'
Plotting 'MuMu_HasMuMuTightOneAk8JetInclusiveBoostedOneBtag_secondlepton_genPartFlav'
Plotting 'MuMu_HasMuMuTightOneAk8JetInclusiveBoostedOneBtag_secondlepton_genPartFlav'
Plotting 'MuMu_HasMuMuTightOneAk8JetInclusiveBoostedOneBtag_secondlepton_phi'
Plotting 'MuMu_HasMuMuTightOneAk8JetInclusiveBoostedOneBtag_secondlepton_phi'
Plotting 'MuMu_HasMuMuTightOneAk8JetInclusiveBoostedOneBtag_secondlepton_pt'
Plotting 'MuMu_HasMuMuTightOneAk8JetInclusiveBoostedOneBtag_secondlepton_pt'
Producing LaTeX yield table.
No processes/data/categories defined
Plotting 'MuMu_HasMuMuTight_trigger_MuonElectron'
Plotting 'MuMu_HasMuMuTight_trigger_MuonElectron'
Plotting 'MuMu_HasMuMuTight_trigger_doubleElectron'
Plotting 'MuMu_HasMuMuTight_trigger_doubleElectron'
Plotting 'MuMu_HasMuMuTight_trigger_doubleMuon'
Plotting 'MuMu_HasMuMuTight_trigger_doubleMuon'
Plotting 'MuMu_HasMuMuTight_trigger_singleElectron'
Plotting 'MuMu_HasMuMuTight_trigger_singleElectron'
Plotting 'MuMu_HasMuMuTight_trigger_singleMuon'
Plotting 'MuMu_HasMuMuTight_trigger_singleMuon'
Plotting 'Yield_HasElElFakeable'
Plotting 'Yield_HasElElFakeable'
Plotting 'Yield_HasElElFakeablePreMllCutOutZ'
Plotting 'Yield_HasElElFakeablePreMllCutOutZ'
Plotting 'Yield_HasElElFakeablePreMllCutOutZTightVeto'
Plotting 'Yield_HasElElFakeablePreMllCutOutZTightVeto'
Plotting 'Yield_HasElElPreselected'
Plotting 'Yield_HasElElPreselected'
Plotting 'Yield_HasElElTight'
Plotting 'Yield_HasElElTight'
Plotting 'Yield_HasElElTightOneAk8Jet'
Plotting 'Yield_HasElElTightOneAk8Jet'
Plotting 'Yield_HasElElTightOneAk8JetInclusiveBoostedOneBtag'
Plotting 'Yield_HasElElTightOneAk8JetInclusiveBoostedOneBtag'
Plotting 'Yield_HasElMuFakeable'
Plotting 'Yield_HasElMuFakeable'
Plotting 'Yield_HasElMuFakeablePreMllCutOutZ'
Plotting 'Yield_HasElMuFakeablePreMllCutOutZ'
Plotting 'Yield_HasElMuFakeablePreMllCutOutZTightVeto'
Plotting 'Yield_HasElMuFakeablePreMllCutOutZTightVeto'
Plotting 'Yield_HasElMuPreselected'
Plotting 'Yield_HasElMuPreselected'
Plotting 'Yield_HasElMuTight'
Plotting 'Yield_HasElMuTight'
Plotting 'Yield_HasElMuTightOneAk8Jet'
Plotting 'Yield_HasElMuTightOneAk8Jet'
Plotting 'Yield_HasElMuTightOneAk8JetInclusiveBoostedOneBtag'
Plotting 'Yield_HasElMuTightOneAk8JetInclusiveBoostedOneBtag'
Plotting 'Yield_HasMuMuFakeable'
Plotting 'Yield_HasMuMuFakeable'
Plotting 'Yield_HasMuMuFakeablePreMllCutOutZ'
Plotting 'Yield_HasMuMuFakeablePreMllCutOutZ'
Plotting 'Yield_HasMuMuFakeablePreMllCutOutZTightVeto'
Plotting 'Yield_HasMuMuFakeablePreMllCutOutZTightVeto'
Plotting 'Yield_HasMuMuPreselected'
Plotting 'Yield_HasMuMuPreselected'
Plotting 'Yield_HasMuMuTight'
Plotting 'Yield_HasMuMuTight'
Plotting 'Yield_HasMuMuTightOneAk8Jet'
Plotting 'Yield_HasMuMuTightOneAk8Jet'
Plotting 'Yield_HasMuMuTightOneAk8JetInclusiveBoostedOneBtag'
Plotting 'Yield_HasMuMuTightOneAk8JetInclusiveBoostedOneBtag'
Producing LaTeX yield table.
